{"C:\\Users\\ACER\\Desktop\\Thrills\\api\\app.js": {"path":"C:\\Users\\ACER\\Desktop\\Thrills\\api\\app.js","statementMap":{"0":{"start":{"line":50,"column":12},"end":{"line":50,"column":21}},"1":{"start":{"line":53,"column":0},"end":{"line":59,"column":3}},"2":{"start":{"line":55,"column":2},"end":{"line":57,"column":5}},"3":{"start":{"line":62,"column":0},"end":{"line":71,"column":3}},"4":{"start":{"line":64,"column":2},"end":{"line":67,"column":4}},"5":{"start":{"line":69,"column":2},"end":{"line":69,"column":9}},"6":{"start":{"line":74,"column":0},"end":{"line":74,"column":24}},"7":{"start":{"line":77,"column":0},"end":{"line":80,"column":2}},"8":{"start":{"line":83,"column":0},"end":{"line":87,"column":2}},"9":{"start":{"line":90,"column":0},"end":{"line":99,"column":2}},"10":{"start":{"line":102,"column":0},"end":{"line":102,"column":24}},"11":{"start":{"line":105,"column":0},"end":{"line":114,"column":2}},"12":{"start":{"line":118,"column":2},"end":{"line":135,"column":4}},"13":{"start":{"line":138,"column":2},"end":{"line":138,"column":21}},"14":{"start":{"line":141,"column":0},"end":{"line":165,"column":2}},"15":{"start":{"line":148,"column":4},"end":{"line":156,"column":5}},"16":{"start":{"line":150,"column":6},"end":{"line":154,"column":10}},"17":{"start":{"line":158,"column":4},"end":{"line":162,"column":8}},"18":{"start":{"line":168,"column":0},"end":{"line":168,"column":23}},"19":{"start":{"line":171,"column":0},"end":{"line":171,"column":33}},"20":{"start":{"line":173,"column":0},"end":{"line":173,"column":34}},"21":{"start":{"line":175,"column":0},"end":{"line":175,"column":34}},"22":{"start":{"line":177,"column":0},"end":{"line":177,"column":40}},"23":{"start":{"line":179,"column":0},"end":{"line":179,"column":34}},"24":{"start":{"line":181,"column":0},"end":{"line":184,"column":2}},"25":{"start":{"line":186,"column":0},"end":{"line":189,"column":2}},"26":{"start":{"line":191,"column":0},"end":{"line":194,"column":2}},"27":{"start":{"line":196,"column":0},"end":{"line":199,"column":2}},"28":{"start":{"line":201,"column":0},"end":{"line":204,"column":2}},"29":{"start":{"line":206,"column":0},"end":{"line":209,"column":2}},"30":{"start":{"line":211,"column":0},"end":{"line":214,"column":2}},"31":{"start":{"line":216,"column":0},"end":{"line":219,"column":2}},"32":{"start":{"line":221,"column":0},"end":{"line":224,"column":2}},"33":{"start":{"line":226,"column":0},"end":{"line":229,"column":2}},"34":{"start":{"line":231,"column":0},"end":{"line":234,"column":2}},"35":{"start":{"line":236,"column":0},"end":{"line":239,"column":2}},"36":{"start":{"line":241,"column":0},"end":{"line":244,"column":2}},"37":{"start":{"line":246,"column":0},"end":{"line":249,"column":2}},"38":{"start":{"line":251,"column":0},"end":{"line":254,"column":1}},"39":{"start":{"line":256,"column":0},"end":{"line":259,"column":2}},"40":{"start":{"line":262,"column":0},"end":{"line":262,"column":22}}},"fnMap":{"0":{"name":"(anonymous_0)","decl":{"start":{"line":53,"column":13},"end":{"line":53,"column":14}},"loc":{"start":{"line":53,"column":27},"end":{"line":59,"column":1}},"line":53},"1":{"name":"(anonymous_1)","decl":{"start":{"line":62,"column":8},"end":{"line":62,"column":9}},"loc":{"start":{"line":62,"column":28},"end":{"line":71,"column":1}},"line":62},"2":{"name":"(anonymous_2)","decl":{"start":{"line":146,"column":2},"end":{"line":146,"column":3}},"loc":{"start":{"line":146,"column":16},"end":{"line":164,"column":3}},"line":146}},"branchMap":{"0":{"loc":{"start":{"line":148,"column":4},"end":{"line":156,"column":5}},"type":"if","locations":[{"start":{"line":148,"column":4},"end":{"line":156,"column":5}},{"start":{},"end":{}}],"line":148}},"s":{"0":87,"1":87,"2":1,"3":87,"4":247,"5":247,"6":87,"7":87,"8":87,"9":87,"10":87,"11":87,"12":87,"13":87,"14":87,"15":0,"16":0,"17":0,"18":87,"19":87,"20":87,"21":87,"22":87,"23":87,"24":87,"25":87,"26":87,"27":87,"28":87,"29":87,"30":87,"31":87,"32":87,"33":87,"34":87,"35":87,"36":87,"37":87,"38":87,"39":87,"40":87},"f":{"0":1,"1":247,"2":0},"b":{"0":[0,0]},"_coverageSchema":"1a1c01bbd47fc00a2c39e90264f33305004495a9","hash":"1a13626a394ca8f1b21cf02f341e7be7c9f7905e"}
,"C:\\Users\\ACER\\Desktop\\Thrills\\api\\connect.js": {"path":"C:\\Users\\ACER\\Desktop\\Thrills\\api\\connect.js","statementMap":{"0":{"start":{"line":4,"column":0},"end":{"line":4,"column":16}},"1":{"start":{"line":6,"column":9},"end":{"line":6,"column":13}},"2":{"start":{"line":8,"column":0},"end":{"line":31,"column":1}},"3":{"start":{"line":12,"column":2},"end":{"line":29,"column":5}}},"fnMap":{},"branchMap":{"0":{"loc":{"start":{"line":8,"column":0},"end":{"line":31,"column":1}},"type":"if","locations":[{"start":{"line":8,"column":0},"end":{"line":31,"column":1}},{"start":{},"end":{}}],"line":8}},"s":{"0":5,"1":5,"2":5,"3":0},"f":{},"b":{"0":[0,5]},"_coverageSchema":"1a1c01bbd47fc00a2c39e90264f33305004495a9","hash":"5f68517900c3b74a098ec594ba9fd1d6c53f2f4c"}
,"C:\\Users\\ACER\\Desktop\\Thrills\\api\\controllers\\admin.js": {"path":"C:\\Users\\ACER\\Desktop\\Thrills\\api\\controllers\\admin.js","statementMap":{"0":{"start":{"line":14,"column":23},"end":{"line":67,"column":1}},"1":{"start":{"line":20,"column":12},"end":{"line":24,"column":3}},"2":{"start":{"line":26,"column":2},"end":{"line":65,"column":4}},"3":{"start":{"line":32,"column":6},"end":{"line":33,"column":25}},"4":{"start":{"line":33,"column":8},"end":{"line":33,"column":25}},"5":{"start":{"line":35,"column":6},"end":{"line":46,"column":7}},"6":{"start":{"line":39,"column":8},"end":{"line":44,"column":10}},"7":{"start":{"line":48,"column":6},"end":{"line":54,"column":8}},"8":{"start":{"line":56,"column":6},"end":{"line":58,"column":8}},"9":{"start":{"line":60,"column":6},"end":{"line":62,"column":30}},"10":{"start":{"line":70,"column":25},"end":{"line":123,"column":1}},"11":{"start":{"line":76,"column":12},"end":{"line":80,"column":3}},"12":{"start":{"line":82,"column":2},"end":{"line":121,"column":4}},"13":{"start":{"line":88,"column":6},"end":{"line":89,"column":25}},"14":{"start":{"line":89,"column":8},"end":{"line":89,"column":25}},"15":{"start":{"line":91,"column":6},"end":{"line":102,"column":7}},"16":{"start":{"line":95,"column":8},"end":{"line":100,"column":10}},"17":{"start":{"line":104,"column":6},"end":{"line":110,"column":8}},"18":{"start":{"line":112,"column":6},"end":{"line":114,"column":8}},"19":{"start":{"line":116,"column":6},"end":{"line":118,"column":32}},"20":{"start":{"line":126,"column":33},"end":{"line":176,"column":1}},"21":{"start":{"line":132,"column":12},"end":{"line":155,"column":3}},"22":{"start":{"line":157,"column":2},"end":{"line":174,"column":4}},"23":{"start":{"line":162,"column":6},"end":{"line":163,"column":25}},"24":{"start":{"line":163,"column":8},"end":{"line":163,"column":25}},"25":{"start":{"line":165,"column":6},"end":{"line":167,"column":8}},"26":{"start":{"line":169,"column":6},"end":{"line":171,"column":23}},"27":{"start":{"line":179,"column":27},"end":{"line":216,"column":1}},"28":{"start":{"line":185,"column":12},"end":{"line":199,"column":3}},"29":{"start":{"line":201,"column":2},"end":{"line":214,"column":4}},"30":{"start":{"line":206,"column":6},"end":{"line":207,"column":25}},"31":{"start":{"line":207,"column":8},"end":{"line":207,"column":25}},"32":{"start":{"line":209,"column":6},"end":{"line":211,"column":20}},"33":{"start":{"line":219,"column":29},"end":{"line":269,"column":1}},"34":{"start":{"line":226,"column":4},"end":{"line":226,"column":36}},"35":{"start":{"line":228,"column":2},"end":{"line":267,"column":4}},"36":{"start":{"line":234,"column":6},"end":{"line":235,"column":25}},"37":{"start":{"line":235,"column":8},"end":{"line":235,"column":25}},"38":{"start":{"line":237,"column":6},"end":{"line":248,"column":7}},"39":{"start":{"line":241,"column":8},"end":{"line":246,"column":10}},"40":{"start":{"line":250,"column":6},"end":{"line":256,"column":8}},"41":{"start":{"line":258,"column":6},"end":{"line":260,"column":8}},"42":{"start":{"line":262,"column":6},"end":{"line":264,"column":31}},"43":{"start":{"line":272,"column":32},"end":{"line":322,"column":1}},"44":{"start":{"line":279,"column":4},"end":{"line":279,"column":39}},"45":{"start":{"line":281,"column":2},"end":{"line":320,"column":4}},"46":{"start":{"line":287,"column":6},"end":{"line":288,"column":25}},"47":{"start":{"line":288,"column":8},"end":{"line":288,"column":25}},"48":{"start":{"line":290,"column":6},"end":{"line":301,"column":7}},"49":{"start":{"line":294,"column":8},"end":{"line":299,"column":10}},"50":{"start":{"line":303,"column":6},"end":{"line":309,"column":8}},"51":{"start":{"line":311,"column":6},"end":{"line":313,"column":8}},"52":{"start":{"line":315,"column":6},"end":{"line":317,"column":34}}},"fnMap":{"0":{"name":"(anonymous_0)","decl":{"start":{"line":14,"column":23},"end":{"line":14,"column":24}},"loc":{"start":{"line":18,"column":5},"end":{"line":67,"column":1}},"line":18},"1":{"name":"(anonymous_1)","decl":{"start":{"line":30,"column":4},"end":{"line":30,"column":5}},"loc":{"start":{"line":30,"column":19},"end":{"line":64,"column":5}},"line":30},"2":{"name":"(anonymous_2)","decl":{"start":{"line":70,"column":25},"end":{"line":70,"column":26}},"loc":{"start":{"line":74,"column":5},"end":{"line":123,"column":1}},"line":74},"3":{"name":"(anonymous_3)","decl":{"start":{"line":86,"column":4},"end":{"line":86,"column":5}},"loc":{"start":{"line":86,"column":19},"end":{"line":120,"column":5}},"line":86},"4":{"name":"(anonymous_4)","decl":{"start":{"line":126,"column":33},"end":{"line":126,"column":34}},"loc":{"start":{"line":130,"column":5},"end":{"line":176,"column":1}},"line":130},"5":{"name":"(anonymous_5)","decl":{"start":{"line":160,"column":4},"end":{"line":160,"column":5}},"loc":{"start":{"line":160,"column":19},"end":{"line":173,"column":5}},"line":160},"6":{"name":"(anonymous_6)","decl":{"start":{"line":179,"column":27},"end":{"line":179,"column":28}},"loc":{"start":{"line":183,"column":5},"end":{"line":216,"column":1}},"line":183},"7":{"name":"(anonymous_7)","decl":{"start":{"line":204,"column":4},"end":{"line":204,"column":5}},"loc":{"start":{"line":204,"column":19},"end":{"line":213,"column":5}},"line":204},"8":{"name":"(anonymous_8)","decl":{"start":{"line":219,"column":29},"end":{"line":219,"column":30}},"loc":{"start":{"line":223,"column":5},"end":{"line":269,"column":1}},"line":223},"9":{"name":"(anonymous_9)","decl":{"start":{"line":232,"column":4},"end":{"line":232,"column":5}},"loc":{"start":{"line":232,"column":19},"end":{"line":266,"column":5}},"line":232},"10":{"name":"(anonymous_10)","decl":{"start":{"line":272,"column":32},"end":{"line":272,"column":33}},"loc":{"start":{"line":276,"column":5},"end":{"line":322,"column":1}},"line":276},"11":{"name":"(anonymous_11)","decl":{"start":{"line":285,"column":4},"end":{"line":285,"column":5}},"loc":{"start":{"line":285,"column":19},"end":{"line":319,"column":5}},"line":285}},"branchMap":{"0":{"loc":{"start":{"line":32,"column":6},"end":{"line":33,"column":25}},"type":"if","locations":[{"start":{"line":32,"column":6},"end":{"line":33,"column":25}},{"start":{},"end":{}}],"line":32},"1":{"loc":{"start":{"line":35,"column":6},"end":{"line":46,"column":7}},"type":"if","locations":[{"start":{"line":35,"column":6},"end":{"line":46,"column":7}},{"start":{},"end":{}}],"line":35},"2":{"loc":{"start":{"line":88,"column":6},"end":{"line":89,"column":25}},"type":"if","locations":[{"start":{"line":88,"column":6},"end":{"line":89,"column":25}},{"start":{},"end":{}}],"line":88},"3":{"loc":{"start":{"line":91,"column":6},"end":{"line":102,"column":7}},"type":"if","locations":[{"start":{"line":91,"column":6},"end":{"line":102,"column":7}},{"start":{},"end":{}}],"line":91},"4":{"loc":{"start":{"line":162,"column":6},"end":{"line":163,"column":25}},"type":"if","locations":[{"start":{"line":162,"column":6},"end":{"line":163,"column":25}},{"start":{},"end":{}}],"line":162},"5":{"loc":{"start":{"line":206,"column":6},"end":{"line":207,"column":25}},"type":"if","locations":[{"start":{"line":206,"column":6},"end":{"line":207,"column":25}},{"start":{},"end":{}}],"line":206},"6":{"loc":{"start":{"line":234,"column":6},"end":{"line":235,"column":25}},"type":"if","locations":[{"start":{"line":234,"column":6},"end":{"line":235,"column":25}},{"start":{},"end":{}}],"line":234},"7":{"loc":{"start":{"line":237,"column":6},"end":{"line":248,"column":7}},"type":"if","locations":[{"start":{"line":237,"column":6},"end":{"line":248,"column":7}},{"start":{},"end":{}}],"line":237},"8":{"loc":{"start":{"line":287,"column":6},"end":{"line":288,"column":25}},"type":"if","locations":[{"start":{"line":287,"column":6},"end":{"line":288,"column":25}},{"start":{},"end":{}}],"line":287},"9":{"loc":{"start":{"line":290,"column":6},"end":{"line":301,"column":7}},"type":"if","locations":[{"start":{"line":290,"column":6},"end":{"line":301,"column":7}},{"start":{},"end":{}}],"line":290}},"s":{"0":87,"1":3,"2":3,"3":3,"4":1,"5":2,"6":1,"7":1,"8":1,"9":1,"10":87,"11":3,"12":3,"13":3,"14":1,"15":2,"16":1,"17":1,"18":1,"19":1,"20":87,"21":2,"22":2,"23":2,"24":1,"25":1,"26":1,"27":87,"28":3,"29":3,"30":3,"31":1,"32":2,"33":87,"34":3,"35":3,"36":3,"37":1,"38":2,"39":1,"40":1,"41":1,"42":1,"43":87,"44":3,"45":3,"46":3,"47":1,"48":2,"49":1,"50":1,"51":1,"52":1},"f":{"0":3,"1":3,"2":3,"3":3,"4":2,"5":2,"6":3,"7":3,"8":3,"9":3,"10":3,"11":3},"b":{"0":[1,2],"1":[1,1],"2":[1,2],"3":[1,1],"4":[1,1],"5":[1,2],"6":[1,2],"7":[1,1],"8":[1,2],"9":[1,1]},"_coverageSchema":"1a1c01bbd47fc00a2c39e90264f33305004495a9","hash":"128de96bb843b8c8896830fc79853a693e8712dc"}
,"C:\\Users\\ACER\\Desktop\\Thrills\\api\\controllers\\analytics.js": {"path":"C:\\Users\\ACER\\Desktop\\Thrills\\api\\controllers\\analytics.js","statementMap":{"0":{"start":{"line":4,"column":32},"end":{"line":44,"column":1}},"1":{"start":{"line":10,"column":12},"end":{"line":24,"column":3}},"2":{"start":{"line":26,"column":2},"end":{"line":42,"column":4}},"3":{"start":{"line":30,"column":6},"end":{"line":31,"column":25}},"4":{"start":{"line":31,"column":8},"end":{"line":31,"column":25}},"5":{"start":{"line":33,"column":6},"end":{"line":35,"column":8}},"6":{"start":{"line":37,"column":6},"end":{"line":39,"column":23}},"7":{"start":{"line":46,"column":32},"end":{"line":86,"column":1}},"8":{"start":{"line":52,"column":12},"end":{"line":70,"column":3}},"9":{"start":{"line":72,"column":2},"end":{"line":84,"column":4}},"10":{"start":{"line":76,"column":6},"end":{"line":77,"column":25}},"11":{"start":{"line":77,"column":8},"end":{"line":77,"column":25}},"12":{"start":{"line":79,"column":6},"end":{"line":81,"column":20}},"13":{"start":{"line":88,"column":34},"end":{"line":132,"column":1}},"14":{"start":{"line":94,"column":12},"end":{"line":116,"column":3}},"15":{"start":{"line":118,"column":2},"end":{"line":130,"column":4}},"16":{"start":{"line":122,"column":6},"end":{"line":123,"column":25}},"17":{"start":{"line":123,"column":8},"end":{"line":123,"column":25}},"18":{"start":{"line":125,"column":6},"end":{"line":127,"column":20}}},"fnMap":{"0":{"name":"(anonymous_0)","decl":{"start":{"line":4,"column":32},"end":{"line":4,"column":33}},"loc":{"start":{"line":8,"column":5},"end":{"line":44,"column":1}},"line":8},"1":{"name":"(anonymous_1)","decl":{"start":{"line":28,"column":4},"end":{"line":28,"column":5}},"loc":{"start":{"line":28,"column":19},"end":{"line":41,"column":5}},"line":28},"2":{"name":"(anonymous_2)","decl":{"start":{"line":46,"column":32},"end":{"line":46,"column":33}},"loc":{"start":{"line":50,"column":5},"end":{"line":86,"column":1}},"line":50},"3":{"name":"(anonymous_3)","decl":{"start":{"line":74,"column":4},"end":{"line":74,"column":5}},"loc":{"start":{"line":74,"column":19},"end":{"line":83,"column":5}},"line":74},"4":{"name":"(anonymous_4)","decl":{"start":{"line":88,"column":34},"end":{"line":88,"column":35}},"loc":{"start":{"line":92,"column":5},"end":{"line":132,"column":1}},"line":92},"5":{"name":"(anonymous_5)","decl":{"start":{"line":120,"column":4},"end":{"line":120,"column":5}},"loc":{"start":{"line":120,"column":19},"end":{"line":129,"column":5}},"line":120}},"branchMap":{"0":{"loc":{"start":{"line":30,"column":6},"end":{"line":31,"column":25}},"type":"if","locations":[{"start":{"line":30,"column":6},"end":{"line":31,"column":25}},{"start":{},"end":{}}],"line":30},"1":{"loc":{"start":{"line":76,"column":6},"end":{"line":77,"column":25}},"type":"if","locations":[{"start":{"line":76,"column":6},"end":{"line":77,"column":25}},{"start":{},"end":{}}],"line":76},"2":{"loc":{"start":{"line":122,"column":6},"end":{"line":123,"column":25}},"type":"if","locations":[{"start":{"line":122,"column":6},"end":{"line":123,"column":25}},{"start":{},"end":{}}],"line":122}},"s":{"0":87,"1":2,"2":2,"3":2,"4":1,"5":1,"6":1,"7":87,"8":3,"9":3,"10":3,"11":1,"12":2,"13":87,"14":3,"15":3,"16":3,"17":1,"18":2},"f":{"0":2,"1":2,"2":3,"3":3,"4":3,"5":3},"b":{"0":[1,1],"1":[1,2],"2":[1,2]},"_coverageSchema":"1a1c01bbd47fc00a2c39e90264f33305004495a9","hash":"f438160a515d0b4c57a4458942783921d0b7bf4f"}
,"C:\\Users\\ACER\\Desktop\\Thrills\\api\\controllers\\audit.js": {"path":"C:\\Users\\ACER\\Desktop\\Thrills\\api\\controllers\\audit.js","statementMap":{"0":{"start":{"line":7,"column":28},"end":{"line":78,"column":1}},"1":{"start":{"line":14,"column":4},"end":{"line":14,"column":33}},"2":{"start":{"line":17,"column":4},"end":{"line":17,"column":35}},"3":{"start":{"line":20,"column":4},"end":{"line":20,"column":22}},"4":{"start":{"line":22,"column":12},"end":{"line":41,"column":3}},"5":{"start":{"line":43,"column":2},"end":{"line":76,"column":4}},"6":{"start":{"line":52,"column":6},"end":{"line":53,"column":25}},"7":{"start":{"line":53,"column":8},"end":{"line":53,"column":25}},"8":{"start":{"line":55,"column":6},"end":{"line":57,"column":8}},"9":{"start":{"line":59,"column":6},"end":{"line":73,"column":11}}},"fnMap":{"0":{"name":"(anonymous_0)","decl":{"start":{"line":7,"column":28},"end":{"line":7,"column":29}},"loc":{"start":{"line":11,"column":5},"end":{"line":78,"column":1}},"line":11},"1":{"name":"(anonymous_1)","decl":{"start":{"line":50,"column":4},"end":{"line":50,"column":5}},"loc":{"start":{"line":50,"column":19},"end":{"line":75,"column":5}},"line":50}},"branchMap":{"0":{"loc":{"start":{"line":14,"column":4},"end":{"line":14,"column":33}},"type":"binary-expr","locations":[{"start":{"line":14,"column":4},"end":{"line":14,"column":28}},{"start":{"line":14,"column":32},"end":{"line":14,"column":33}}],"line":14},"1":{"loc":{"start":{"line":17,"column":4},"end":{"line":17,"column":35}},"type":"binary-expr","locations":[{"start":{"line":17,"column":4},"end":{"line":17,"column":29}},{"start":{"line":17,"column":33},"end":{"line":17,"column":35}}],"line":17},"2":{"loc":{"start":{"line":52,"column":6},"end":{"line":53,"column":25}},"type":"if","locations":[{"start":{"line":52,"column":6},"end":{"line":53,"column":25}},{"start":{},"end":{}}],"line":52}},"s":{"0":87,"1":4,"2":4,"3":4,"4":4,"5":4,"6":4,"7":1,"8":3,"9":3},"f":{"0":4,"1":4},"b":{"0":[4,3],"1":[4,3],"2":[1,3]},"_coverageSchema":"1a1c01bbd47fc00a2c39e90264f33305004495a9","hash":"dd4a88f67a842f1d42cbfa0215365cdb4e523ac9"}
,"C:\\Users\\ACER\\Desktop\\Thrills\\api\\controllers\\auth.js": {"path":"C:\\Users\\ACER\\Desktop\\Thrills\\api\\controllers\\auth.js","statementMap":{"0":{"start":{"line":16,"column":24},"end":{"line":122,"column":1}},"1":{"start":{"line":23,"column":12},"end":{"line":30,"column":3}},"2":{"start":{"line":32,"column":2},"end":{"line":120,"column":4}},"3":{"start":{"line":41,"column":6},"end":{"line":49,"column":7}},"4":{"start":{"line":43,"column":8},"end":{"line":45,"column":10}},"5":{"start":{"line":47,"column":8},"end":{"line":47,"column":25}},"6":{"start":{"line":51,"column":6},"end":{"line":64,"column":7}},"7":{"start":{"line":53,"column":8},"end":{"line":55,"column":10}},"8":{"start":{"line":57,"column":8},"end":{"line":62,"column":10}},"9":{"start":{"line":68,"column":8},"end":{"line":68,"column":30}},"10":{"start":{"line":71,"column":8},"end":{"line":74,"column":9}},"11":{"start":{"line":77,"column":26},"end":{"line":81,"column":7}},"12":{"start":{"line":83,"column":21},"end":{"line":88,"column":7}},"13":{"start":{"line":90,"column":6},"end":{"line":117,"column":8}},"14":{"start":{"line":96,"column":10},"end":{"line":104,"column":11}},"15":{"start":{"line":98,"column":12},"end":{"line":100,"column":14}},"16":{"start":{"line":102,"column":12},"end":{"line":102,"column":29}},"17":{"start":{"line":106,"column":10},"end":{"line":108,"column":12}},"18":{"start":{"line":110,"column":10},"end":{"line":114,"column":14}},"19":{"start":{"line":125,"column":21},"end":{"line":395,"column":1}},"20":{"start":{"line":132,"column":12},"end":{"line":139,"column":3}},"21":{"start":{"line":141,"column":2},"end":{"line":393,"column":4}},"22":{"start":{"line":150,"column":6},"end":{"line":158,"column":7}},"23":{"start":{"line":152,"column":8},"end":{"line":154,"column":10}},"24":{"start":{"line":156,"column":8},"end":{"line":156,"column":25}},"25":{"start":{"line":160,"column":6},"end":{"line":173,"column":7}},"26":{"start":{"line":162,"column":8},"end":{"line":164,"column":10}},"27":{"start":{"line":166,"column":8},"end":{"line":171,"column":10}},"28":{"start":{"line":176,"column":8},"end":{"line":176,"column":15}},"29":{"start":{"line":179,"column":0},"end":{"line":199,"column":1}},"30":{"start":{"line":188,"column":2},"end":{"line":190,"column":4}},"31":{"start":{"line":192,"column":2},"end":{"line":197,"column":4}},"32":{"start":{"line":203,"column":8},"end":{"line":206,"column":9}},"33":{"start":{"line":208,"column":8},"end":{"line":279,"column":1}},"34":{"start":{"line":211,"column":4},"end":{"line":211,"column":32}},"35":{"start":{"line":214,"column":2},"end":{"line":252,"column":3}},"36":{"start":{"line":217,"column":6},"end":{"line":220,"column":7}},"37":{"start":{"line":222,"column":4},"end":{"line":239,"column":6}},"38":{"start":{"line":241,"column":4},"end":{"line":243,"column":6}},"39":{"start":{"line":245,"column":4},"end":{"line":250,"column":6}},"40":{"start":{"line":254,"column":2},"end":{"line":266,"column":4}},"41":{"start":{"line":268,"column":2},"end":{"line":270,"column":4}},"42":{"start":{"line":272,"column":2},"end":{"line":277,"column":4}},"43":{"start":{"line":298,"column":8},"end":{"line":308,"column":9}},"44":{"start":{"line":312,"column":8},"end":{"line":320,"column":9}},"45":{"start":{"line":322,"column":8},"end":{"line":347,"column":2}},"46":{"start":{"line":338,"column":4},"end":{"line":345,"column":5}},"47":{"start":{"line":340,"column":6},"end":{"line":342,"column":8}},"48":{"start":{"line":344,"column":6},"end":{"line":344,"column":23}},"49":{"start":{"line":352,"column":10},"end":{"line":352,"column":17}},"50":{"start":{"line":354,"column":6},"end":{"line":356,"column":8}},"51":{"start":{"line":358,"column":8},"end":{"line":363,"column":2}},"52":{"start":{"line":365,"column":6},"end":{"line":390,"column":22}},"53":{"start":{"line":398,"column":28},"end":{"line":696,"column":1}},"54":{"start":{"line":407,"column":4},"end":{"line":407,"column":28}},"55":{"start":{"line":410,"column":4},"end":{"line":423,"column":3}},"56":{"start":{"line":412,"column":4},"end":{"line":414,"column":6}},"57":{"start":{"line":416,"column":4},"end":{"line":421,"column":6}},"58":{"start":{"line":425,"column":2},"end":{"line":695,"column":4}},"59":{"start":{"line":437,"column":4},"end":{"line":438,"column":23}},"60":{"start":{"line":438,"column":6},"end":{"line":438,"column":23}},"61":{"start":{"line":440,"column":4},"end":{"line":450,"column":5}},"62":{"start":{"line":444,"column":6},"end":{"line":449,"column":8}},"63":{"start":{"line":614,"column":2},"end":{"line":693,"column":4}},"64":{"start":{"line":621,"column":6},"end":{"line":634,"column":7}},"65":{"start":{"line":623,"column":8},"end":{"line":625,"column":10}},"66":{"start":{"line":627,"column":8},"end":{"line":632,"column":10}},"67":{"start":{"line":638,"column":8},"end":{"line":646,"column":9}},"68":{"start":{"line":648,"column":6},"end":{"line":650,"column":8}},"69":{"start":{"line":652,"column":6},"end":{"line":657,"column":2}},"70":{"start":{"line":675,"column":6},"end":{"line":690,"column":10}},"71":{"start":{"line":699,"column":22},"end":{"line":788,"column":1}},"72":{"start":{"line":705,"column":2},"end":{"line":707,"column":4}},"73":{"start":{"line":710,"column":2},"end":{"line":710,"column":25}},"74":{"start":{"line":712,"column":0},"end":{"line":737,"column":1}},"75":{"start":{"line":714,"column":2},"end":{"line":735,"column":3}},"76":{"start":{"line":717,"column":6},"end":{"line":720,"column":7}},"77":{"start":{"line":722,"column":4},"end":{"line":727,"column":6}},"78":{"start":{"line":731,"column":4},"end":{"line":733,"column":6}},"79":{"start":{"line":747,"column":2},"end":{"line":747,"column":26}},"80":{"start":{"line":749,"column":0},"end":{"line":760,"column":1}},"81":{"start":{"line":751,"column":2},"end":{"line":758,"column":4}},"82":{"start":{"line":762,"column":2},"end":{"line":786,"column":6}},"83":{"start":{"line":791,"column":0},"end":{"line":804,"column":1}},"84":{"start":{"line":795,"column":2},"end":{"line":802,"column":4}}},"fnMap":{"0":{"name":"(anonymous_0)","decl":{"start":{"line":16,"column":24},"end":{"line":16,"column":25}},"loc":{"start":{"line":20,"column":5},"end":{"line":122,"column":1}},"line":20},"1":{"name":"(anonymous_1)","decl":{"start":{"line":39,"column":4},"end":{"line":39,"column":5}},"loc":{"start":{"line":39,"column":19},"end":{"line":119,"column":5}},"line":39},"2":{"name":"(anonymous_2)","decl":{"start":{"line":94,"column":8},"end":{"line":94,"column":9}},"loc":{"start":{"line":94,"column":23},"end":{"line":116,"column":9}},"line":94},"3":{"name":"(anonymous_3)","decl":{"start":{"line":125,"column":21},"end":{"line":125,"column":22}},"loc":{"start":{"line":129,"column":5},"end":{"line":395,"column":1}},"line":129},"4":{"name":"(anonymous_4)","decl":{"start":{"line":148,"column":4},"end":{"line":148,"column":5}},"loc":{"start":{"line":148,"column":19},"end":{"line":392,"column":5}},"line":148},"5":{"name":"(anonymous_5)","decl":{"start":{"line":336,"column":2},"end":{"line":336,"column":3}},"loc":{"start":{"line":336,"column":11},"end":{"line":346,"column":3}},"line":336},"6":{"name":"(anonymous_6)","decl":{"start":{"line":398,"column":28},"end":{"line":398,"column":29}},"loc":{"start":{"line":402,"column":5},"end":{"line":696,"column":1}},"line":402},"7":{"name":"(anonymous_7)","decl":{"start":{"line":435,"column":2},"end":{"line":435,"column":3}},"loc":{"start":{"line":435,"column":17},"end":{"line":694,"column":1}},"line":435},"8":{"name":"(anonymous_8)","decl":{"start":{"line":619,"column":4},"end":{"line":619,"column":5}},"loc":{"start":{"line":619,"column":23},"end":{"line":692,"column":5}},"line":619},"9":{"name":"(anonymous_9)","decl":{"start":{"line":699,"column":22},"end":{"line":699,"column":23}},"loc":{"start":{"line":703,"column":5},"end":{"line":788,"column":1}},"line":703},"10":{"name":"(anonymous_10)","decl":{"start":{"line":791,"column":0},"end":{"line":791,"column":1}},"loc":{"start":{"line":793,"column":5},"end":{"line":804,"column":1}},"line":793}},"branchMap":{"0":{"loc":{"start":{"line":41,"column":6},"end":{"line":49,"column":7}},"type":"if","locations":[{"start":{"line":41,"column":6},"end":{"line":49,"column":7}},{"start":{},"end":{}}],"line":41},"1":{"loc":{"start":{"line":51,"column":6},"end":{"line":64,"column":7}},"type":"if","locations":[{"start":{"line":51,"column":6},"end":{"line":64,"column":7}},{"start":{},"end":{}}],"line":51},"2":{"loc":{"start":{"line":96,"column":10},"end":{"line":104,"column":11}},"type":"if","locations":[{"start":{"line":96,"column":10},"end":{"line":104,"column":11}},{"start":{},"end":{}}],"line":96},"3":{"loc":{"start":{"line":150,"column":6},"end":{"line":158,"column":7}},"type":"if","locations":[{"start":{"line":150,"column":6},"end":{"line":158,"column":7}},{"start":{},"end":{}}],"line":150},"4":{"loc":{"start":{"line":160,"column":6},"end":{"line":173,"column":7}},"type":"if","locations":[{"start":{"line":160,"column":6},"end":{"line":173,"column":7}},{"start":{},"end":{}}],"line":160},"5":{"loc":{"start":{"line":179,"column":0},"end":{"line":199,"column":1}},"type":"if","locations":[{"start":{"line":179,"column":0},"end":{"line":199,"column":1}},{"start":{},"end":{}}],"line":179},"6":{"loc":{"start":{"line":181,"column":2},"end":{"line":184,"column":12}},"type":"binary-expr","locations":[{"start":{"line":181,"column":2},"end":{"line":181,"column":16}},{"start":{"line":183,"column":2},"end":{"line":184,"column":12}}],"line":181},"7":{"loc":{"start":{"line":208,"column":8},"end":{"line":279,"column":1}},"type":"if","locations":[{"start":{"line":208,"column":8},"end":{"line":279,"column":1}},{"start":{},"end":{}}],"line":208},"8":{"loc":{"start":{"line":214,"column":2},"end":{"line":252,"column":3}},"type":"if","locations":[{"start":{"line":214,"column":2},"end":{"line":252,"column":3}},{"start":{},"end":{}}],"line":214},"9":{"loc":{"start":{"line":338,"column":4},"end":{"line":345,"column":5}},"type":"if","locations":[{"start":{"line":338,"column":4},"end":{"line":345,"column":5}},{"start":{},"end":{}}],"line":338},"10":{"loc":{"start":{"line":410,"column":4},"end":{"line":423,"column":3}},"type":"if","locations":[{"start":{"line":410,"column":4},"end":{"line":423,"column":3}},{"start":{},"end":{}}],"line":410},"11":{"loc":{"start":{"line":437,"column":4},"end":{"line":438,"column":23}},"type":"if","locations":[{"start":{"line":437,"column":4},"end":{"line":438,"column":23}},{"start":{},"end":{}}],"line":437},"12":{"loc":{"start":{"line":440,"column":4},"end":{"line":450,"column":5}},"type":"if","locations":[{"start":{"line":440,"column":4},"end":{"line":450,"column":5}},{"start":{},"end":{}}],"line":440},"13":{"loc":{"start":{"line":621,"column":6},"end":{"line":634,"column":7}},"type":"if","locations":[{"start":{"line":621,"column":6},"end":{"line":634,"column":7}},{"start":{},"end":{}}],"line":621},"14":{"loc":{"start":{"line":712,"column":0},"end":{"line":737,"column":1}},"type":"if","locations":[{"start":{"line":712,"column":0},"end":{"line":737,"column":1}},{"start":{},"end":{}}],"line":712},"15":{"loc":{"start":{"line":749,"column":0},"end":{"line":760,"column":1}},"type":"if","locations":[{"start":{"line":749,"column":0},"end":{"line":760,"column":1}},{"start":{},"end":{}}],"line":749}},"s":{"0":88,"1":4,"2":4,"3":4,"4":1,"5":1,"6":3,"7":1,"8":1,"9":2,"10":2,"11":2,"12":2,"13":2,"14":2,"15":1,"16":1,"17":1,"18":1,"19":88,"20":1,"21":1,"22":1,"23":0,"24":0,"25":1,"26":0,"27":0,"28":1,"29":1,"30":0,"31":0,"32":1,"33":1,"34":1,"35":1,"36":0,"37":0,"38":0,"39":0,"40":1,"41":1,"42":1,"43":0,"44":0,"45":0,"46":0,"47":0,"48":0,"49":0,"50":0,"51":0,"52":0,"53":88,"54":4,"55":4,"56":1,"57":1,"58":3,"59":3,"60":0,"61":3,"62":1,"63":2,"64":2,"65":1,"66":1,"67":1,"68":1,"69":1,"70":1,"71":88,"72":1,"73":1,"74":1,"75":0,"76":0,"77":0,"78":0,"79":1,"80":1,"81":0,"82":1,"83":88,"84":1},"f":{"0":4,"1":4,"2":2,"3":1,"4":1,"5":0,"6":4,"7":3,"8":2,"9":1,"10":1},"b":{"0":[1,3],"1":[1,2],"2":[1,1],"3":[0,1],"4":[0,1],"5":[0,1],"6":[1,0],"7":[1,0],"8":[0,1],"9":[0,0],"10":[1,3],"11":[0,3],"12":[1,2],"13":[1,1],"14":[0,1],"15":[0,1]},"_coverageSchema":"1a1c01bbd47fc00a2c39e90264f33305004495a9","hash":"0fb09a9648a0508dfd17c47dce177c726c54c162"}
,"C:\\Users\\ACER\\Desktop\\Thrills\\api\\controllers\\block.js": {"path":"C:\\Users\\ACER\\Desktop\\Thrills\\api\\controllers\\block.js","statementMap":{"0":{"start":{"line":14,"column":25},"end":{"line":79,"column":1}},"1":{"start":{"line":21,"column":4},"end":{"line":21,"column":16}},"2":{"start":{"line":24,"column":4},"end":{"line":24,"column":22}},"3":{"start":{"line":26,"column":2},"end":{"line":37,"column":3}},"4":{"start":{"line":30,"column":4},"end":{"line":35,"column":6}},"5":{"start":{"line":39,"column":12},"end":{"line":46,"column":3}},"6":{"start":{"line":48,"column":2},"end":{"line":77,"column":4}},"7":{"start":{"line":57,"column":6},"end":{"line":58,"column":25}},"8":{"start":{"line":58,"column":8},"end":{"line":58,"column":25}},"9":{"start":{"line":60,"column":6},"end":{"line":64,"column":8}},"10":{"start":{"line":66,"column":6},"end":{"line":68,"column":8}},"11":{"start":{"line":70,"column":6},"end":{"line":74,"column":10}},"12":{"start":{"line":81,"column":27},"end":{"line":127,"column":1}},"13":{"start":{"line":88,"column":4},"end":{"line":88,"column":16}},"14":{"start":{"line":90,"column":12},"end":{"line":100,"column":3}},"15":{"start":{"line":102,"column":2},"end":{"line":125,"column":4}},"16":{"start":{"line":111,"column":6},"end":{"line":112,"column":25}},"17":{"start":{"line":112,"column":8},"end":{"line":112,"column":25}},"18":{"start":{"line":114,"column":6},"end":{"line":116,"column":8}},"19":{"start":{"line":118,"column":6},"end":{"line":122,"column":10}},"20":{"start":{"line":129,"column":31},"end":{"line":174,"column":1}},"21":{"start":{"line":136,"column":4},"end":{"line":136,"column":16}},"22":{"start":{"line":138,"column":12},"end":{"line":156,"column":3}},"23":{"start":{"line":158,"column":2},"end":{"line":172,"column":4}},"24":{"start":{"line":164,"column":6},"end":{"line":165,"column":25}},"25":{"start":{"line":165,"column":8},"end":{"line":165,"column":25}},"26":{"start":{"line":167,"column":6},"end":{"line":169,"column":20}}},"fnMap":{"0":{"name":"(anonymous_0)","decl":{"start":{"line":14,"column":25},"end":{"line":14,"column":26}},"loc":{"start":{"line":18,"column":5},"end":{"line":79,"column":1}},"line":18},"1":{"name":"(anonymous_1)","decl":{"start":{"line":55,"column":4},"end":{"line":55,"column":5}},"loc":{"start":{"line":55,"column":13},"end":{"line":76,"column":5}},"line":55},"2":{"name":"(anonymous_2)","decl":{"start":{"line":81,"column":27},"end":{"line":81,"column":28}},"loc":{"start":{"line":85,"column":5},"end":{"line":127,"column":1}},"line":85},"3":{"name":"(anonymous_3)","decl":{"start":{"line":109,"column":4},"end":{"line":109,"column":5}},"loc":{"start":{"line":109,"column":13},"end":{"line":124,"column":5}},"line":109},"4":{"name":"(anonymous_4)","decl":{"start":{"line":129,"column":31},"end":{"line":129,"column":32}},"loc":{"start":{"line":133,"column":5},"end":{"line":174,"column":1}},"line":133},"5":{"name":"(anonymous_5)","decl":{"start":{"line":162,"column":4},"end":{"line":162,"column":5}},"loc":{"start":{"line":162,"column":18},"end":{"line":171,"column":5}},"line":162}},"branchMap":{"0":{"loc":{"start":{"line":26,"column":2},"end":{"line":37,"column":3}},"type":"if","locations":[{"start":{"line":26,"column":2},"end":{"line":37,"column":3}},{"start":{},"end":{}}],"line":26},"1":{"loc":{"start":{"line":57,"column":6},"end":{"line":58,"column":25}},"type":"if","locations":[{"start":{"line":57,"column":6},"end":{"line":58,"column":25}},{"start":{},"end":{}}],"line":57},"2":{"loc":{"start":{"line":111,"column":6},"end":{"line":112,"column":25}},"type":"if","locations":[{"start":{"line":111,"column":6},"end":{"line":112,"column":25}},{"start":{},"end":{}}],"line":111},"3":{"loc":{"start":{"line":164,"column":6},"end":{"line":165,"column":25}},"type":"if","locations":[{"start":{"line":164,"column":6},"end":{"line":165,"column":25}},{"start":{},"end":{}}],"line":164}},"s":{"0":87,"1":3,"2":3,"3":3,"4":1,"5":2,"6":2,"7":2,"8":1,"9":1,"10":1,"11":1,"12":87,"13":2,"14":2,"15":2,"16":2,"17":1,"18":1,"19":1,"20":87,"21":3,"22":3,"23":3,"24":3,"25":1,"26":2},"f":{"0":3,"1":2,"2":2,"3":2,"4":3,"5":3},"b":{"0":[1,2],"1":[1,1],"2":[1,1],"3":[1,2]},"_coverageSchema":"1a1c01bbd47fc00a2c39e90264f33305004495a9","hash":"fbb858b66f15d37ecffef7e95c5e798f56779240"}
,"C:\\Users\\ACER\\Desktop\\Thrills\\api\\controllers\\comment.js": {"path":"C:\\Users\\ACER\\Desktop\\Thrills\\api\\controllers\\comment.js","statementMap":{"0":{"start":{"line":21,"column":27},"end":{"line":93,"column":1}},"1":{"start":{"line":29,"column":4},"end":{"line":29,"column":33}},"2":{"start":{"line":32,"column":4},"end":{"line":32,"column":35}},"3":{"start":{"line":35,"column":4},"end":{"line":35,"column":22}},"4":{"start":{"line":37,"column":12},"end":{"line":55,"column":3}},"5":{"start":{"line":57,"column":2},"end":{"line":91,"column":4}},"6":{"start":{"line":67,"column":6},"end":{"line":75,"column":7}},"7":{"start":{"line":69,"column":8},"end":{"line":71,"column":10}},"8":{"start":{"line":73,"column":8},"end":{"line":73,"column":25}},"9":{"start":{"line":77,"column":6},"end":{"line":79,"column":8}},"10":{"start":{"line":81,"column":6},"end":{"line":88,"column":11}},"11":{"start":{"line":96,"column":26},"end":{"line":285,"column":1}},"12":{"start":{"line":103,"column":4},"end":{"line":103,"column":16}},"13":{"start":{"line":106,"column":2},"end":{"line":122,"column":3}},"14":{"start":{"line":111,"column":4},"end":{"line":113,"column":6}},"15":{"start":{"line":115,"column":4},"end":{"line":120,"column":6}},"16":{"start":{"line":124,"column":12},"end":{"line":128,"column":3}},"17":{"start":{"line":130,"column":17},"end":{"line":139,"column":3}},"18":{"start":{"line":141,"column":2},"end":{"line":283,"column":4}},"19":{"start":{"line":147,"column":6},"end":{"line":155,"column":7}},"20":{"start":{"line":149,"column":8},"end":{"line":151,"column":10}},"21":{"start":{"line":153,"column":8},"end":{"line":153,"column":25}},"22":{"start":{"line":158,"column":6},"end":{"line":162,"column":8}},"23":{"start":{"line":164,"column":6},"end":{"line":166,"column":8}},"24":{"start":{"line":169,"column":24},"end":{"line":175,"column":7}},"25":{"start":{"line":177,"column":6},"end":{"line":274,"column":8}},"26":{"start":{"line":183,"column":10},"end":{"line":191,"column":11}},"27":{"start":{"line":185,"column":12},"end":{"line":187,"column":14}},"28":{"start":{"line":189,"column":12},"end":{"line":189,"column":19}},"29":{"start":{"line":193,"column":10},"end":{"line":203,"column":11}},"30":{"start":{"line":197,"column":12},"end":{"line":199,"column":14}},"31":{"start":{"line":201,"column":12},"end":{"line":201,"column":19}},"32":{"start":{"line":206,"column":12},"end":{"line":206,"column":30}},"33":{"start":{"line":209,"column":10},"end":{"line":271,"column":11}},"34":{"start":{"line":215,"column":38},"end":{"line":219,"column":13}},"35":{"start":{"line":221,"column":39},"end":{"line":226,"column":13}},"36":{"start":{"line":228,"column":12},"end":{"line":249,"column":14}},"37":{"start":{"line":234,"column":16},"end":{"line":242,"column":17}},"38":{"start":{"line":236,"column":18},"end":{"line":238,"column":20}},"39":{"start":{"line":240,"column":18},"end":{"line":240,"column":25}},"40":{"start":{"line":244,"column":16},"end":{"line":246,"column":18}},"41":{"start":{"line":252,"column":23},"end":{"line":252,"column":30}},"42":{"start":{"line":254,"column":12},"end":{"line":265,"column":14}},"43":{"start":{"line":267,"column":12},"end":{"line":269,"column":14}},"44":{"start":{"line":276,"column":6},"end":{"line":280,"column":10}},"45":{"start":{"line":288,"column":29},"end":{"line":356,"column":1}},"46":{"start":{"line":295,"column":4},"end":{"line":295,"column":16}},"47":{"start":{"line":298,"column":4},"end":{"line":298,"column":17}},"48":{"start":{"line":300,"column":12},"end":{"line":305,"column":3}},"49":{"start":{"line":307,"column":2},"end":{"line":354,"column":4}},"50":{"start":{"line":316,"column":6},"end":{"line":324,"column":7}},"51":{"start":{"line":318,"column":8},"end":{"line":320,"column":10}},"52":{"start":{"line":322,"column":8},"end":{"line":322,"column":25}},"53":{"start":{"line":326,"column":6},"end":{"line":341,"column":7}},"54":{"start":{"line":330,"column":8},"end":{"line":332,"column":10}},"55":{"start":{"line":334,"column":8},"end":{"line":339,"column":10}},"56":{"start":{"line":343,"column":6},"end":{"line":345,"column":8}},"57":{"start":{"line":347,"column":6},"end":{"line":351,"column":10}}},"fnMap":{"0":{"name":"(anonymous_0)","decl":{"start":{"line":21,"column":27},"end":{"line":21,"column":28}},"loc":{"start":{"line":25,"column":5},"end":{"line":93,"column":1}},"line":25},"1":{"name":"(anonymous_1)","decl":{"start":{"line":65,"column":4},"end":{"line":65,"column":5}},"loc":{"start":{"line":65,"column":19},"end":{"line":90,"column":5}},"line":65},"2":{"name":"(anonymous_2)","decl":{"start":{"line":96,"column":26},"end":{"line":96,"column":27}},"loc":{"start":{"line":100,"column":5},"end":{"line":285,"column":1}},"line":100},"3":{"name":"(anonymous_3)","decl":{"start":{"line":145,"column":4},"end":{"line":145,"column":5}},"loc":{"start":{"line":145,"column":19},"end":{"line":282,"column":5}},"line":145},"4":{"name":"(anonymous_4)","decl":{"start":{"line":181,"column":8},"end":{"line":181,"column":9}},"loc":{"start":{"line":181,"column":27},"end":{"line":273,"column":9}},"line":181},"5":{"name":"(anonymous_5)","decl":{"start":{"line":232,"column":14},"end":{"line":232,"column":15}},"loc":{"start":{"line":232,"column":23},"end":{"line":248,"column":15}},"line":232},"6":{"name":"(anonymous_6)","decl":{"start":{"line":288,"column":29},"end":{"line":288,"column":30}},"loc":{"start":{"line":292,"column":5},"end":{"line":356,"column":1}},"line":292},"7":{"name":"(anonymous_7)","decl":{"start":{"line":314,"column":4},"end":{"line":314,"column":5}},"loc":{"start":{"line":314,"column":19},"end":{"line":353,"column":5}},"line":314}},"branchMap":{"0":{"loc":{"start":{"line":29,"column":4},"end":{"line":29,"column":33}},"type":"binary-expr","locations":[{"start":{"line":29,"column":4},"end":{"line":29,"column":28}},{"start":{"line":29,"column":32},"end":{"line":29,"column":33}}],"line":29},"1":{"loc":{"start":{"line":32,"column":4},"end":{"line":32,"column":35}},"type":"binary-expr","locations":[{"start":{"line":32,"column":4},"end":{"line":32,"column":29}},{"start":{"line":32,"column":33},"end":{"line":32,"column":35}}],"line":32},"2":{"loc":{"start":{"line":67,"column":6},"end":{"line":75,"column":7}},"type":"if","locations":[{"start":{"line":67,"column":6},"end":{"line":75,"column":7}},{"start":{},"end":{}}],"line":67},"3":{"loc":{"start":{"line":106,"column":2},"end":{"line":122,"column":3}},"type":"if","locations":[{"start":{"line":106,"column":2},"end":{"line":122,"column":3}},{"start":{},"end":{}}],"line":106},"4":{"loc":{"start":{"line":107,"column":4},"end":{"line":108,"column":31}},"type":"binary-expr","locations":[{"start":{"line":107,"column":4},"end":{"line":107,"column":18}},{"start":{"line":108,"column":4},"end":{"line":108,"column":31}}],"line":107},"5":{"loc":{"start":{"line":147,"column":6},"end":{"line":155,"column":7}},"type":"if","locations":[{"start":{"line":147,"column":6},"end":{"line":155,"column":7}},{"start":{},"end":{}}],"line":147},"6":{"loc":{"start":{"line":183,"column":10},"end":{"line":191,"column":11}},"type":"if","locations":[{"start":{"line":183,"column":10},"end":{"line":191,"column":11}},{"start":{},"end":{}}],"line":183},"7":{"loc":{"start":{"line":193,"column":10},"end":{"line":203,"column":11}},"type":"if","locations":[{"start":{"line":193,"column":10},"end":{"line":203,"column":11}},{"start":{},"end":{}}],"line":193},"8":{"loc":{"start":{"line":209,"column":10},"end":{"line":271,"column":11}},"type":"if","locations":[{"start":{"line":209,"column":10},"end":{"line":271,"column":11}},{"start":{},"end":{}}],"line":209},"9":{"loc":{"start":{"line":234,"column":16},"end":{"line":242,"column":17}},"type":"if","locations":[{"start":{"line":234,"column":16},"end":{"line":242,"column":17}},{"start":{},"end":{}}],"line":234},"10":{"loc":{"start":{"line":316,"column":6},"end":{"line":324,"column":7}},"type":"if","locations":[{"start":{"line":316,"column":6},"end":{"line":324,"column":7}},{"start":{},"end":{}}],"line":316},"11":{"loc":{"start":{"line":326,"column":6},"end":{"line":341,"column":7}},"type":"if","locations":[{"start":{"line":326,"column":6},"end":{"line":341,"column":7}},{"start":{},"end":{}}],"line":326}},"s":{"0":87,"1":3,"2":3,"3":3,"4":3,"5":3,"6":3,"7":1,"8":1,"9":2,"10":2,"11":87,"12":1,"13":1,"14":0,"15":0,"16":1,"17":1,"18":1,"19":1,"20":0,"21":0,"22":1,"23":1,"24":1,"25":1,"26":1,"27":0,"28":0,"29":1,"30":0,"31":0,"32":1,"33":1,"34":1,"35":1,"36":1,"37":1,"38":0,"39":0,"40":1,"41":1,"42":1,"43":1,"44":1,"45":87,"46":3,"47":3,"48":3,"49":3,"50":3,"51":1,"52":1,"53":2,"54":1,"55":1,"56":1,"57":1},"f":{"0":3,"1":3,"2":1,"3":1,"4":1,"5":1,"6":3,"7":3},"b":{"0":[3,3],"1":[3,3],"2":[1,2],"3":[0,1],"4":[1,1],"5":[0,1],"6":[0,1],"7":[0,1],"8":[1,0],"9":[0,1],"10":[1,2],"11":[1,1]},"_coverageSchema":"1a1c01bbd47fc00a2c39e90264f33305004495a9","hash":"c78477055b846c2dfcab7e1070ce27a5ec119fdc"}
,"C:\\Users\\ACER\\Desktop\\Thrills\\api\\controllers\\conversation.js": {"path":"C:\\Users\\ACER\\Desktop\\Thrills\\api\\controllers\\conversation.js","statementMap":{"0":{"start":{"line":14,"column":34},"end":{"line":172,"column":1}},"1":{"start":{"line":21,"column":4},"end":{"line":21,"column":16}},"2":{"start":{"line":24,"column":4},"end":{"line":24,"column":23}},"3":{"start":{"line":27,"column":2},"end":{"line":43,"column":3}},"4":{"start":{"line":32,"column":4},"end":{"line":34,"column":6}},"5":{"start":{"line":36,"column":4},"end":{"line":41,"column":6}},"6":{"start":{"line":46,"column":21},"end":{"line":66,"column":3}},"7":{"start":{"line":68,"column":2},"end":{"line":170,"column":4}},"8":{"start":{"line":80,"column":6},"end":{"line":88,"column":7}},"9":{"start":{"line":82,"column":8},"end":{"line":84,"column":10}},"10":{"start":{"line":86,"column":8},"end":{"line":86,"column":25}},"11":{"start":{"line":91,"column":6},"end":{"line":111,"column":7}},"12":{"start":{"line":95,"column":8},"end":{"line":97,"column":10}},"13":{"start":{"line":99,"column":8},"end":{"line":109,"column":13}},"14":{"start":{"line":114,"column":16},"end":{"line":121,"column":7}},"15":{"start":{"line":123,"column":21},"end":{"line":126,"column":7}},"16":{"start":{"line":128,"column":6},"end":{"line":167,"column":8}},"17":{"start":{"line":134,"column":10},"end":{"line":142,"column":11}},"18":{"start":{"line":136,"column":12},"end":{"line":138,"column":14}},"19":{"start":{"line":140,"column":12},"end":{"line":140,"column":29}},"20":{"start":{"line":144,"column":10},"end":{"line":148,"column":12}},"21":{"start":{"line":150,"column":10},"end":{"line":152,"column":12}},"22":{"start":{"line":154,"column":10},"end":{"line":164,"column":15}},"23":{"start":{"line":175,"column":32},"end":{"line":316,"column":1}},"24":{"start":{"line":182,"column":4},"end":{"line":182,"column":16}},"25":{"start":{"line":185,"column":4},"end":{"line":187,"column":10}},"26":{"start":{"line":190,"column":4},"end":{"line":192,"column":11}},"27":{"start":{"line":195,"column":4},"end":{"line":195,"column":22}},"28":{"start":{"line":197,"column":12},"end":{"line":270,"column":3}},"29":{"start":{"line":272,"column":2},"end":{"line":314,"column":4}},"30":{"start":{"line":283,"column":6},"end":{"line":291,"column":7}},"31":{"start":{"line":285,"column":8},"end":{"line":287,"column":10}},"32":{"start":{"line":289,"column":8},"end":{"line":289,"column":25}},"33":{"start":{"line":293,"column":6},"end":{"line":295,"column":8}},"34":{"start":{"line":297,"column":6},"end":{"line":311,"column":11}},"35":{"start":{"line":319,"column":31},"end":{"line":378,"column":1}},"36":{"start":{"line":326,"column":4},"end":{"line":326,"column":17}},"37":{"start":{"line":328,"column":12},"end":{"line":334,"column":3}},"38":{"start":{"line":336,"column":2},"end":{"line":376,"column":4}},"39":{"start":{"line":342,"column":6},"end":{"line":350,"column":7}},"40":{"start":{"line":344,"column":8},"end":{"line":346,"column":10}},"41":{"start":{"line":348,"column":8},"end":{"line":348,"column":25}},"42":{"start":{"line":352,"column":6},"end":{"line":363,"column":7}},"43":{"start":{"line":356,"column":8},"end":{"line":361,"column":10}},"44":{"start":{"line":365,"column":6},"end":{"line":367,"column":8}},"45":{"start":{"line":369,"column":6},"end":{"line":373,"column":10}},"46":{"start":{"line":381,"column":34},"end":{"line":481,"column":1}},"47":{"start":{"line":388,"column":4},"end":{"line":388,"column":16}},"48":{"start":{"line":391,"column":4},"end":{"line":391,"column":17}},"49":{"start":{"line":393,"column":21},"end":{"line":408,"column":3}},"50":{"start":{"line":410,"column":2},"end":{"line":479,"column":4}},"51":{"start":{"line":420,"column":6},"end":{"line":428,"column":7}},"52":{"start":{"line":422,"column":8},"end":{"line":424,"column":10}},"53":{"start":{"line":426,"column":8},"end":{"line":426,"column":25}},"54":{"start":{"line":430,"column":6},"end":{"line":441,"column":7}},"55":{"start":{"line":434,"column":8},"end":{"line":439,"column":10}},"56":{"start":{"line":443,"column":16},"end":{"line":447,"column":7}},"57":{"start":{"line":449,"column":6},"end":{"line":476,"column":8}},"58":{"start":{"line":455,"column":10},"end":{"line":463,"column":11}},"59":{"start":{"line":457,"column":12},"end":{"line":459,"column":14}},"60":{"start":{"line":461,"column":12},"end":{"line":461,"column":29}},"61":{"start":{"line":465,"column":10},"end":{"line":467,"column":12}},"62":{"start":{"line":469,"column":10},"end":{"line":473,"column":14}},"63":{"start":{"line":484,"column":43},"end":{"line":542,"column":1}},"64":{"start":{"line":491,"column":4},"end":{"line":491,"column":16}},"65":{"start":{"line":493,"column":12},"end":{"line":507,"column":3}},"66":{"start":{"line":509,"column":2},"end":{"line":540,"column":4}},"67":{"start":{"line":515,"column":6},"end":{"line":523,"column":7}},"68":{"start":{"line":517,"column":8},"end":{"line":519,"column":10}},"69":{"start":{"line":521,"column":8},"end":{"line":521,"column":25}},"70":{"start":{"line":525,"column":6},"end":{"line":527,"column":8}},"71":{"start":{"line":529,"column":6},"end":{"line":537,"column":11}}},"fnMap":{"0":{"name":"(anonymous_0)","decl":{"start":{"line":14,"column":34},"end":{"line":14,"column":35}},"loc":{"start":{"line":18,"column":5},"end":{"line":172,"column":1}},"line":18},"1":{"name":"(anonymous_1)","decl":{"start":{"line":78,"column":4},"end":{"line":78,"column":5}},"loc":{"start":{"line":78,"column":19},"end":{"line":169,"column":5}},"line":78},"2":{"name":"(anonymous_2)","decl":{"start":{"line":132,"column":8},"end":{"line":132,"column":9}},"loc":{"start":{"line":132,"column":25},"end":{"line":166,"column":9}},"line":132},"3":{"name":"(anonymous_3)","decl":{"start":{"line":175,"column":32},"end":{"line":175,"column":33}},"loc":{"start":{"line":179,"column":5},"end":{"line":316,"column":1}},"line":179},"4":{"name":"(anonymous_4)","decl":{"start":{"line":281,"column":4},"end":{"line":281,"column":5}},"loc":{"start":{"line":281,"column":19},"end":{"line":313,"column":5}},"line":281},"5":{"name":"(anonymous_5)","decl":{"start":{"line":319,"column":31},"end":{"line":319,"column":32}},"loc":{"start":{"line":323,"column":5},"end":{"line":378,"column":1}},"line":323},"6":{"name":"(anonymous_6)","decl":{"start":{"line":340,"column":4},"end":{"line":340,"column":5}},"loc":{"start":{"line":340,"column":19},"end":{"line":375,"column":5}},"line":340},"7":{"name":"(anonymous_7)","decl":{"start":{"line":381,"column":34},"end":{"line":381,"column":35}},"loc":{"start":{"line":385,"column":5},"end":{"line":481,"column":1}},"line":385},"8":{"name":"(anonymous_8)","decl":{"start":{"line":418,"column":4},"end":{"line":418,"column":5}},"loc":{"start":{"line":418,"column":19},"end":{"line":478,"column":5}},"line":418},"9":{"name":"(anonymous_9)","decl":{"start":{"line":453,"column":8},"end":{"line":453,"column":9}},"loc":{"start":{"line":453,"column":25},"end":{"line":475,"column":9}},"line":453},"10":{"name":"(anonymous_10)","decl":{"start":{"line":484,"column":43},"end":{"line":484,"column":44}},"loc":{"start":{"line":488,"column":5},"end":{"line":542,"column":1}},"line":488},"11":{"name":"(anonymous_11)","decl":{"start":{"line":513,"column":4},"end":{"line":513,"column":5}},"loc":{"start":{"line":513,"column":19},"end":{"line":539,"column":5}},"line":513}},"branchMap":{"0":{"loc":{"start":{"line":27,"column":2},"end":{"line":43,"column":3}},"type":"if","locations":[{"start":{"line":27,"column":2},"end":{"line":43,"column":3}},{"start":{},"end":{}}],"line":27},"1":{"loc":{"start":{"line":80,"column":6},"end":{"line":88,"column":7}},"type":"if","locations":[{"start":{"line":80,"column":6},"end":{"line":88,"column":7}},{"start":{},"end":{}}],"line":80},"2":{"loc":{"start":{"line":91,"column":6},"end":{"line":111,"column":7}},"type":"if","locations":[{"start":{"line":91,"column":6},"end":{"line":111,"column":7}},{"start":{},"end":{}}],"line":91},"3":{"loc":{"start":{"line":134,"column":10},"end":{"line":142,"column":11}},"type":"if","locations":[{"start":{"line":134,"column":10},"end":{"line":142,"column":11}},{"start":{},"end":{}}],"line":134},"4":{"loc":{"start":{"line":185,"column":4},"end":{"line":187,"column":10}},"type":"binary-expr","locations":[{"start":{"line":185,"column":4},"end":{"line":187,"column":5}},{"start":{"line":187,"column":9},"end":{"line":187,"column":10}}],"line":185},"5":{"loc":{"start":{"line":190,"column":4},"end":{"line":192,"column":11}},"type":"binary-expr","locations":[{"start":{"line":190,"column":4},"end":{"line":192,"column":5}},{"start":{"line":192,"column":9},"end":{"line":192,"column":11}}],"line":190},"6":{"loc":{"start":{"line":283,"column":6},"end":{"line":291,"column":7}},"type":"if","locations":[{"start":{"line":283,"column":6},"end":{"line":291,"column":7}},{"start":{},"end":{}}],"line":283},"7":{"loc":{"start":{"line":342,"column":6},"end":{"line":350,"column":7}},"type":"if","locations":[{"start":{"line":342,"column":6},"end":{"line":350,"column":7}},{"start":{},"end":{}}],"line":342},"8":{"loc":{"start":{"line":352,"column":6},"end":{"line":363,"column":7}},"type":"if","locations":[{"start":{"line":352,"column":6},"end":{"line":363,"column":7}},{"start":{},"end":{}}],"line":352},"9":{"loc":{"start":{"line":420,"column":6},"end":{"line":428,"column":7}},"type":"if","locations":[{"start":{"line":420,"column":6},"end":{"line":428,"column":7}},{"start":{},"end":{}}],"line":420},"10":{"loc":{"start":{"line":430,"column":6},"end":{"line":441,"column":7}},"type":"if","locations":[{"start":{"line":430,"column":6},"end":{"line":441,"column":7}},{"start":{},"end":{}}],"line":430},"11":{"loc":{"start":{"line":455,"column":10},"end":{"line":463,"column":11}},"type":"if","locations":[{"start":{"line":455,"column":10},"end":{"line":463,"column":11}},{"start":{},"end":{}}],"line":455},"12":{"loc":{"start":{"line":515,"column":6},"end":{"line":523,"column":7}},"type":"if","locations":[{"start":{"line":515,"column":6},"end":{"line":523,"column":7}},{"start":{},"end":{}}],"line":515}},"s":{"0":87,"1":3,"2":3,"3":3,"4":1,"5":1,"6":2,"7":2,"8":2,"9":0,"10":0,"11":2,"12":1,"13":1,"14":1,"15":1,"16":1,"17":1,"18":0,"19":0,"20":1,"21":1,"22":1,"23":87,"24":4,"25":4,"26":4,"27":4,"28":4,"29":4,"30":4,"31":1,"32":1,"33":3,"34":3,"35":87,"36":3,"37":3,"38":3,"39":3,"40":1,"41":1,"42":2,"43":1,"44":1,"45":1,"46":87,"47":4,"48":4,"49":4,"50":4,"51":4,"52":1,"53":1,"54":3,"55":1,"56":2,"57":2,"58":2,"59":1,"60":1,"61":1,"62":1,"63":87,"64":2,"65":2,"66":2,"67":2,"68":1,"69":1,"70":1,"71":1},"f":{"0":3,"1":2,"2":1,"3":4,"4":4,"5":3,"6":3,"7":4,"8":4,"9":2,"10":2,"11":2},"b":{"0":[1,2],"1":[0,2],"2":[1,1],"3":[0,1],"4":[4,3],"5":[4,3],"6":[1,3],"7":[1,2],"8":[1,1],"9":[1,3],"10":[1,2],"11":[1,1],"12":[1,1]},"_coverageSchema":"1a1c01bbd47fc00a2c39e90264f33305004495a9","hash":"cbea0901e0d72e5692b5bfe184b743c9870e01db"}
,"C:\\Users\\ACER\\Desktop\\Thrills\\api\\controllers\\discover.js": {"path":"C:\\Users\\ACER\\Desktop\\Thrills\\api\\controllers\\discover.js","statementMap":{"0":{"start":{"line":15,"column":32},"end":{"line":123,"column":1}},"1":{"start":{"line":22,"column":4},"end":{"line":22,"column":33}},"2":{"start":{"line":25,"column":4},"end":{"line":25,"column":35}},"3":{"start":{"line":28,"column":4},"end":{"line":28,"column":22}},"4":{"start":{"line":30,"column":12},"end":{"line":79,"column":3}},"5":{"start":{"line":81,"column":2},"end":{"line":121,"column":4}},"6":{"start":{"line":90,"column":6},"end":{"line":98,"column":7}},"7":{"start":{"line":92,"column":8},"end":{"line":94,"column":10}},"8":{"start":{"line":96,"column":8},"end":{"line":96,"column":25}},"9":{"start":{"line":100,"column":6},"end":{"line":102,"column":8}},"10":{"start":{"line":104,"column":6},"end":{"line":118,"column":11}},"11":{"start":{"line":127,"column":35},"end":{"line":250,"column":1}},"12":{"start":{"line":134,"column":4},"end":{"line":134,"column":16}},"13":{"start":{"line":137,"column":4},"end":{"line":139,"column":10}},"14":{"start":{"line":142,"column":4},"end":{"line":144,"column":11}},"15":{"start":{"line":147,"column":4},"end":{"line":147,"column":22}},"16":{"start":{"line":149,"column":12},"end":{"line":200,"column":3}},"17":{"start":{"line":202,"column":2},"end":{"line":248,"column":4}},"18":{"start":{"line":217,"column":6},"end":{"line":225,"column":7}},"19":{"start":{"line":219,"column":8},"end":{"line":221,"column":10}},"20":{"start":{"line":223,"column":8},"end":{"line":223,"column":25}},"21":{"start":{"line":227,"column":6},"end":{"line":229,"column":8}},"22":{"start":{"line":231,"column":6},"end":{"line":245,"column":11}},"23":{"start":{"line":253,"column":35},"end":{"line":321,"column":1}},"24":{"start":{"line":259,"column":12},"end":{"line":293,"column":3}},"25":{"start":{"line":295,"column":2},"end":{"line":319,"column":4}},"26":{"start":{"line":300,"column":6},"end":{"line":308,"column":7}},"27":{"start":{"line":302,"column":8},"end":{"line":304,"column":10}},"28":{"start":{"line":306,"column":8},"end":{"line":306,"column":25}},"29":{"start":{"line":310,"column":6},"end":{"line":312,"column":8}},"30":{"start":{"line":314,"column":6},"end":{"line":316,"column":20}},"31":{"start":{"line":324,"column":34},"end":{"line":378,"column":1}},"32":{"start":{"line":330,"column":12},"end":{"line":350,"column":3}},"33":{"start":{"line":352,"column":2},"end":{"line":376,"column":4}},"34":{"start":{"line":357,"column":6},"end":{"line":365,"column":7}},"35":{"start":{"line":359,"column":8},"end":{"line":361,"column":10}},"36":{"start":{"line":363,"column":8},"end":{"line":363,"column":25}},"37":{"start":{"line":367,"column":6},"end":{"line":369,"column":8}},"38":{"start":{"line":371,"column":6},"end":{"line":373,"column":20}},"39":{"start":{"line":381,"column":34},"end":{"line":414,"column":1}},"40":{"start":{"line":388,"column":4},"end":{"line":388,"column":16}},"41":{"start":{"line":390,"column":2},"end":{"line":412,"column":3}},"42":{"start":{"line":392,"column":4},"end":{"line":396,"column":6}},"43":{"start":{"line":398,"column":4},"end":{"line":400,"column":6}},"44":{"start":{"line":402,"column":4},"end":{"line":406,"column":8}},"45":{"start":{"line":410,"column":4},"end":{"line":410,"column":21}}},"fnMap":{"0":{"name":"(anonymous_0)","decl":{"start":{"line":15,"column":32},"end":{"line":15,"column":33}},"loc":{"start":{"line":19,"column":5},"end":{"line":123,"column":1}},"line":19},"1":{"name":"(anonymous_1)","decl":{"start":{"line":88,"column":4},"end":{"line":88,"column":5}},"loc":{"start":{"line":88,"column":19},"end":{"line":120,"column":5}},"line":88},"2":{"name":"(anonymous_2)","decl":{"start":{"line":127,"column":35},"end":{"line":127,"column":36}},"loc":{"start":{"line":131,"column":5},"end":{"line":250,"column":1}},"line":131},"3":{"name":"(anonymous_3)","decl":{"start":{"line":215,"column":4},"end":{"line":215,"column":5}},"loc":{"start":{"line":215,"column":19},"end":{"line":247,"column":5}},"line":215},"4":{"name":"(anonymous_4)","decl":{"start":{"line":253,"column":35},"end":{"line":253,"column":36}},"loc":{"start":{"line":257,"column":5},"end":{"line":321,"column":1}},"line":257},"5":{"name":"(anonymous_5)","decl":{"start":{"line":298,"column":4},"end":{"line":298,"column":5}},"loc":{"start":{"line":298,"column":19},"end":{"line":318,"column":5}},"line":298},"6":{"name":"(anonymous_6)","decl":{"start":{"line":324,"column":34},"end":{"line":324,"column":35}},"loc":{"start":{"line":328,"column":5},"end":{"line":378,"column":1}},"line":328},"7":{"name":"(anonymous_7)","decl":{"start":{"line":355,"column":4},"end":{"line":355,"column":5}},"loc":{"start":{"line":355,"column":19},"end":{"line":375,"column":5}},"line":355},"8":{"name":"(anonymous_8)","decl":{"start":{"line":381,"column":34},"end":{"line":381,"column":35}},"loc":{"start":{"line":385,"column":5},"end":{"line":414,"column":1}},"line":385}},"branchMap":{"0":{"loc":{"start":{"line":22,"column":4},"end":{"line":22,"column":33}},"type":"binary-expr","locations":[{"start":{"line":22,"column":4},"end":{"line":22,"column":28}},{"start":{"line":22,"column":32},"end":{"line":22,"column":33}}],"line":22},"1":{"loc":{"start":{"line":25,"column":4},"end":{"line":25,"column":35}},"type":"binary-expr","locations":[{"start":{"line":25,"column":4},"end":{"line":25,"column":29}},{"start":{"line":25,"column":33},"end":{"line":25,"column":35}}],"line":25},"2":{"loc":{"start":{"line":90,"column":6},"end":{"line":98,"column":7}},"type":"if","locations":[{"start":{"line":90,"column":6},"end":{"line":98,"column":7}},{"start":{},"end":{}}],"line":90},"3":{"loc":{"start":{"line":137,"column":4},"end":{"line":139,"column":10}},"type":"binary-expr","locations":[{"start":{"line":137,"column":4},"end":{"line":139,"column":5}},{"start":{"line":139,"column":9},"end":{"line":139,"column":10}}],"line":137},"4":{"loc":{"start":{"line":142,"column":4},"end":{"line":144,"column":11}},"type":"binary-expr","locations":[{"start":{"line":142,"column":4},"end":{"line":144,"column":5}},{"start":{"line":144,"column":9},"end":{"line":144,"column":11}}],"line":142},"5":{"loc":{"start":{"line":217,"column":6},"end":{"line":225,"column":7}},"type":"if","locations":[{"start":{"line":217,"column":6},"end":{"line":225,"column":7}},{"start":{},"end":{}}],"line":217},"6":{"loc":{"start":{"line":300,"column":6},"end":{"line":308,"column":7}},"type":"if","locations":[{"start":{"line":300,"column":6},"end":{"line":308,"column":7}},{"start":{},"end":{}}],"line":300},"7":{"loc":{"start":{"line":357,"column":6},"end":{"line":365,"column":7}},"type":"if","locations":[{"start":{"line":357,"column":6},"end":{"line":365,"column":7}},{"start":{},"end":{}}],"line":357}},"s":{"0":87,"1":4,"2":4,"3":4,"4":4,"5":4,"6":4,"7":1,"8":1,"9":3,"10":3,"11":87,"12":0,"13":0,"14":0,"15":0,"16":0,"17":0,"18":0,"19":0,"20":0,"21":0,"22":0,"23":87,"24":0,"25":0,"26":0,"27":0,"28":0,"29":0,"30":0,"31":87,"32":0,"33":0,"34":0,"35":0,"36":0,"37":0,"38":0,"39":87,"40":0,"41":0,"42":0,"43":0,"44":0,"45":0},"f":{"0":4,"1":4,"2":0,"3":0,"4":0,"5":0,"6":0,"7":0,"8":0},"b":{"0":[4,3],"1":[4,3],"2":[1,3],"3":[0,0],"4":[0,0],"5":[0,0],"6":[0,0],"7":[0,0]},"_coverageSchema":"1a1c01bbd47fc00a2c39e90264f33305004495a9","hash":"69bffb423b0d379787f73e068f07f2cb42396688"}
,"C:\\Users\\ACER\\Desktop\\Thrills\\api\\controllers\\hashtag.js": {"path":"C:\\Users\\ACER\\Desktop\\Thrills\\api\\controllers\\hashtag.js","statementMap":{"0":{"start":{"line":14,"column":33},"end":{"line":116,"column":1}},"1":{"start":{"line":21,"column":4},"end":{"line":21,"column":18}},"2":{"start":{"line":24,"column":4},"end":{"line":26,"column":10}},"3":{"start":{"line":29,"column":4},"end":{"line":31,"column":11}},"4":{"start":{"line":34,"column":4},"end":{"line":34,"column":22}},"5":{"start":{"line":36,"column":12},"end":{"line":68,"column":3}},"6":{"start":{"line":70,"column":2},"end":{"line":114,"column":4}},"7":{"start":{"line":80,"column":6},"end":{"line":88,"column":7}},"8":{"start":{"line":82,"column":8},"end":{"line":84,"column":10}},"9":{"start":{"line":86,"column":8},"end":{"line":86,"column":25}},"10":{"start":{"line":90,"column":6},"end":{"line":92,"column":8}},"11":{"start":{"line":94,"column":6},"end":{"line":111,"column":11}},"12":{"start":{"line":119,"column":35},"end":{"line":181,"column":1}},"13":{"start":{"line":126,"column":4},"end":{"line":128,"column":11}},"14":{"start":{"line":130,"column":12},"end":{"line":152,"column":3}},"15":{"start":{"line":154,"column":2},"end":{"line":179,"column":4}},"16":{"start":{"line":160,"column":6},"end":{"line":168,"column":7}},"17":{"start":{"line":162,"column":8},"end":{"line":164,"column":10}},"18":{"start":{"line":166,"column":8},"end":{"line":166,"column":25}},"19":{"start":{"line":170,"column":6},"end":{"line":172,"column":8}},"20":{"start":{"line":174,"column":6},"end":{"line":176,"column":20}},"21":{"start":{"line":184,"column":30},"end":{"line":258,"column":1}},"22":{"start":{"line":191,"column":4},"end":{"line":191,"column":15}},"23":{"start":{"line":193,"column":2},"end":{"line":202,"column":3}},"24":{"start":{"line":195,"column":4},"end":{"line":200,"column":6}},"25":{"start":{"line":204,"column":12},"end":{"line":229,"column":3}},"26":{"start":{"line":231,"column":2},"end":{"line":256,"column":4}},"27":{"start":{"line":237,"column":6},"end":{"line":245,"column":7}},"28":{"start":{"line":239,"column":8},"end":{"line":241,"column":10}},"29":{"start":{"line":243,"column":8},"end":{"line":243,"column":25}},"30":{"start":{"line":247,"column":6},"end":{"line":249,"column":8}},"31":{"start":{"line":251,"column":6},"end":{"line":253,"column":20}},"32":{"start":{"line":261,"column":33},"end":{"line":297,"column":1}},"33":{"start":{"line":268,"column":4},"end":{"line":268,"column":16}},"34":{"start":{"line":271,"column":4},"end":{"line":271,"column":18}},"35":{"start":{"line":273,"column":2},"end":{"line":295,"column":3}},"36":{"start":{"line":275,"column":4},"end":{"line":279,"column":6}},"37":{"start":{"line":281,"column":4},"end":{"line":283,"column":6}},"38":{"start":{"line":285,"column":4},"end":{"line":289,"column":8}},"39":{"start":{"line":293,"column":4},"end":{"line":293,"column":21}}},"fnMap":{"0":{"name":"(anonymous_0)","decl":{"start":{"line":14,"column":33},"end":{"line":14,"column":34}},"loc":{"start":{"line":18,"column":5},"end":{"line":116,"column":1}},"line":18},"1":{"name":"(anonymous_1)","decl":{"start":{"line":78,"column":4},"end":{"line":78,"column":5}},"loc":{"start":{"line":78,"column":19},"end":{"line":113,"column":5}},"line":78},"2":{"name":"(anonymous_2)","decl":{"start":{"line":119,"column":35},"end":{"line":119,"column":36}},"loc":{"start":{"line":123,"column":5},"end":{"line":181,"column":1}},"line":123},"3":{"name":"(anonymous_3)","decl":{"start":{"line":158,"column":4},"end":{"line":158,"column":5}},"loc":{"start":{"line":158,"column":19},"end":{"line":178,"column":5}},"line":158},"4":{"name":"(anonymous_4)","decl":{"start":{"line":184,"column":30},"end":{"line":184,"column":31}},"loc":{"start":{"line":188,"column":5},"end":{"line":258,"column":1}},"line":188},"5":{"name":"(anonymous_5)","decl":{"start":{"line":235,"column":4},"end":{"line":235,"column":5}},"loc":{"start":{"line":235,"column":19},"end":{"line":255,"column":5}},"line":235},"6":{"name":"(anonymous_6)","decl":{"start":{"line":261,"column":33},"end":{"line":261,"column":34}},"loc":{"start":{"line":265,"column":5},"end":{"line":297,"column":1}},"line":265}},"branchMap":{"0":{"loc":{"start":{"line":24,"column":4},"end":{"line":26,"column":10}},"type":"binary-expr","locations":[{"start":{"line":24,"column":4},"end":{"line":26,"column":5}},{"start":{"line":26,"column":9},"end":{"line":26,"column":10}}],"line":24},"1":{"loc":{"start":{"line":29,"column":4},"end":{"line":31,"column":11}},"type":"binary-expr","locations":[{"start":{"line":29,"column":4},"end":{"line":31,"column":5}},{"start":{"line":31,"column":9},"end":{"line":31,"column":11}}],"line":29},"2":{"loc":{"start":{"line":80,"column":6},"end":{"line":88,"column":7}},"type":"if","locations":[{"start":{"line":80,"column":6},"end":{"line":88,"column":7}},{"start":{},"end":{}}],"line":80},"3":{"loc":{"start":{"line":126,"column":4},"end":{"line":128,"column":11}},"type":"binary-expr","locations":[{"start":{"line":126,"column":4},"end":{"line":128,"column":5}},{"start":{"line":128,"column":9},"end":{"line":128,"column":11}}],"line":126},"4":{"loc":{"start":{"line":160,"column":6},"end":{"line":168,"column":7}},"type":"if","locations":[{"start":{"line":160,"column":6},"end":{"line":168,"column":7}},{"start":{},"end":{}}],"line":160},"5":{"loc":{"start":{"line":193,"column":2},"end":{"line":202,"column":3}},"type":"if","locations":[{"start":{"line":193,"column":2},"end":{"line":202,"column":3}},{"start":{},"end":{}}],"line":193},"6":{"loc":{"start":{"line":237,"column":6},"end":{"line":245,"column":7}},"type":"if","locations":[{"start":{"line":237,"column":6},"end":{"line":245,"column":7}},{"start":{},"end":{}}],"line":237}},"s":{"0":87,"1":4,"2":4,"3":4,"4":4,"5":4,"6":4,"7":4,"8":1,"9":1,"10":3,"11":3,"12":87,"13":4,"14":4,"15":4,"16":4,"17":1,"18":1,"19":3,"20":3,"21":87,"22":4,"23":4,"24":1,"25":3,"26":3,"27":3,"28":1,"29":1,"30":2,"31":2,"32":87,"33":2,"34":2,"35":2,"36":2,"37":1,"38":1,"39":1},"f":{"0":4,"1":4,"2":4,"3":4,"4":4,"5":3,"6":2},"b":{"0":[4,3],"1":[4,3],"2":[1,3],"3":[4,3],"4":[1,3],"5":[1,3],"6":[1,2]},"_coverageSchema":"1a1c01bbd47fc00a2c39e90264f33305004495a9","hash":"cdcadc9d5c7492d4c66588d971a318cb55a859f6"}
,"C:\\Users\\ACER\\Desktop\\Thrills\\api\\controllers\\interests.js": {"path":"C:\\Users\\ACER\\Desktop\\Thrills\\api\\controllers\\interests.js","statementMap":{"0":{"start":{"line":14,"column":28},"end":{"line":98,"column":1}},"1":{"start":{"line":21,"column":4},"end":{"line":21,"column":16}},"2":{"start":{"line":24,"column":4},"end":{"line":24,"column":22}},"3":{"start":{"line":26,"column":2},"end":{"line":38,"column":3}},"4":{"start":{"line":31,"column":4},"end":{"line":36,"column":6}},"5":{"start":{"line":41,"column":4},"end":{"line":46,"column":5}},"6":{"start":{"line":42,"column":20},"end":{"line":45,"column":7}},"7":{"start":{"line":48,"column":12},"end":{"line":55,"column":3}},"8":{"start":{"line":57,"column":2},"end":{"line":96,"column":4}},"9":{"start":{"line":63,"column":6},"end":{"line":71,"column":7}},"10":{"start":{"line":65,"column":8},"end":{"line":67,"column":10}},"11":{"start":{"line":69,"column":8},"end":{"line":69,"column":25}},"12":{"start":{"line":73,"column":6},"end":{"line":77,"column":8}},"13":{"start":{"line":79,"column":6},"end":{"line":81,"column":8}},"14":{"start":{"line":83,"column":6},"end":{"line":93,"column":11}},"15":{"start":{"line":101,"column":32},"end":{"line":147,"column":1}},"16":{"start":{"line":108,"column":4},"end":{"line":108,"column":21}},"17":{"start":{"line":110,"column":12},"end":{"line":118,"column":3}},"18":{"start":{"line":120,"column":2},"end":{"line":145,"column":4}},"19":{"start":{"line":126,"column":6},"end":{"line":134,"column":7}},"20":{"start":{"line":128,"column":8},"end":{"line":130,"column":10}},"21":{"start":{"line":132,"column":8},"end":{"line":132,"column":25}},"22":{"start":{"line":136,"column":6},"end":{"line":138,"column":8}},"23":{"start":{"line":140,"column":6},"end":{"line":142,"column":20}},"24":{"start":{"line":150,"column":31},"end":{"line":268,"column":1}},"25":{"start":{"line":157,"column":4},"end":{"line":157,"column":16}},"26":{"start":{"line":160,"column":4},"end":{"line":160,"column":22}},"27":{"start":{"line":162,"column":2},"end":{"line":173,"column":3}},"28":{"start":{"line":166,"column":4},"end":{"line":171,"column":6}},"29":{"start":{"line":175,"column":22},"end":{"line":179,"column":3}},"30":{"start":{"line":181,"column":2},"end":{"line":266,"column":4}},"31":{"start":{"line":187,"column":6},"end":{"line":195,"column":7}},"32":{"start":{"line":189,"column":8},"end":{"line":191,"column":10}},"33":{"start":{"line":193,"column":8},"end":{"line":193,"column":25}},"34":{"start":{"line":197,"column":6},"end":{"line":211,"column":7}},"35":{"start":{"line":201,"column":8},"end":{"line":203,"column":10}},"36":{"start":{"line":205,"column":8},"end":{"line":209,"column":12}},"37":{"start":{"line":214,"column":8},"end":{"line":219,"column":9}},"38":{"start":{"line":215,"column":24},"end":{"line":218,"column":11}},"39":{"start":{"line":221,"column":26},"end":{"line":228,"column":7}},"40":{"start":{"line":230,"column":6},"end":{"line":263,"column":8}},"41":{"start":{"line":236,"column":10},"end":{"line":244,"column":11}},"42":{"start":{"line":238,"column":12},"end":{"line":240,"column":14}},"43":{"start":{"line":242,"column":12},"end":{"line":242,"column":29}},"44":{"start":{"line":246,"column":10},"end":{"line":250,"column":12}},"45":{"start":{"line":252,"column":10},"end":{"line":254,"column":12}},"46":{"start":{"line":256,"column":10},"end":{"line":260,"column":14}},"47":{"start":{"line":271,"column":30},"end":{"line":336,"column":1}},"48":{"start":{"line":278,"column":4},"end":{"line":278,"column":16}},"49":{"start":{"line":281,"column":4},"end":{"line":281,"column":17}},"50":{"start":{"line":283,"column":12},"end":{"line":289,"column":3}},"51":{"start":{"line":291,"column":2},"end":{"line":334,"column":4}},"52":{"start":{"line":300,"column":6},"end":{"line":308,"column":7}},"53":{"start":{"line":302,"column":8},"end":{"line":304,"column":10}},"54":{"start":{"line":306,"column":8},"end":{"line":306,"column":25}},"55":{"start":{"line":310,"column":6},"end":{"line":321,"column":7}},"56":{"start":{"line":314,"column":8},"end":{"line":319,"column":10}},"57":{"start":{"line":323,"column":6},"end":{"line":325,"column":8}},"58":{"start":{"line":327,"column":6},"end":{"line":331,"column":10}},"59":{"start":{"line":339,"column":35},"end":{"line":388,"column":1}},"60":{"start":{"line":345,"column":12},"end":{"line":360,"column":3}},"61":{"start":{"line":362,"column":2},"end":{"line":386,"column":4}},"62":{"start":{"line":367,"column":6},"end":{"line":375,"column":7}},"63":{"start":{"line":369,"column":8},"end":{"line":371,"column":10}},"64":{"start":{"line":373,"column":8},"end":{"line":373,"column":25}},"65":{"start":{"line":377,"column":6},"end":{"line":379,"column":8}},"66":{"start":{"line":381,"column":6},"end":{"line":383,"column":20}}},"fnMap":{"0":{"name":"(anonymous_0)","decl":{"start":{"line":14,"column":28},"end":{"line":14,"column":29}},"loc":{"start":{"line":18,"column":5},"end":{"line":98,"column":1}},"line":18},"1":{"name":"(anonymous_1)","decl":{"start":{"line":42,"column":6},"end":{"line":42,"column":7}},"loc":{"start":{"line":42,"column":20},"end":{"line":45,"column":7}},"line":42},"2":{"name":"(anonymous_2)","decl":{"start":{"line":61,"column":4},"end":{"line":61,"column":5}},"loc":{"start":{"line":61,"column":19},"end":{"line":95,"column":5}},"line":61},"3":{"name":"(anonymous_3)","decl":{"start":{"line":101,"column":32},"end":{"line":101,"column":33}},"loc":{"start":{"line":105,"column":5},"end":{"line":147,"column":1}},"line":105},"4":{"name":"(anonymous_4)","decl":{"start":{"line":124,"column":4},"end":{"line":124,"column":5}},"loc":{"start":{"line":124,"column":19},"end":{"line":144,"column":5}},"line":124},"5":{"name":"(anonymous_5)","decl":{"start":{"line":150,"column":31},"end":{"line":150,"column":32}},"loc":{"start":{"line":154,"column":5},"end":{"line":268,"column":1}},"line":154},"6":{"name":"(anonymous_6)","decl":{"start":{"line":185,"column":4},"end":{"line":185,"column":5}},"loc":{"start":{"line":185,"column":13},"end":{"line":265,"column":5}},"line":185},"7":{"name":"(anonymous_7)","decl":{"start":{"line":215,"column":10},"end":{"line":215,"column":11}},"loc":{"start":{"line":215,"column":24},"end":{"line":218,"column":11}},"line":215},"8":{"name":"(anonymous_8)","decl":{"start":{"line":234,"column":8},"end":{"line":234,"column":9}},"loc":{"start":{"line":234,"column":17},"end":{"line":262,"column":9}},"line":234},"9":{"name":"(anonymous_9)","decl":{"start":{"line":271,"column":30},"end":{"line":271,"column":31}},"loc":{"start":{"line":275,"column":5},"end":{"line":336,"column":1}},"line":275},"10":{"name":"(anonymous_10)","decl":{"start":{"line":298,"column":4},"end":{"line":298,"column":5}},"loc":{"start":{"line":298,"column":19},"end":{"line":333,"column":5}},"line":298},"11":{"name":"(anonymous_11)","decl":{"start":{"line":339,"column":35},"end":{"line":339,"column":36}},"loc":{"start":{"line":343,"column":5},"end":{"line":388,"column":1}},"line":343},"12":{"name":"(anonymous_12)","decl":{"start":{"line":365,"column":4},"end":{"line":365,"column":5}},"loc":{"start":{"line":365,"column":19},"end":{"line":385,"column":5}},"line":365}},"branchMap":{"0":{"loc":{"start":{"line":26,"column":2},"end":{"line":38,"column":3}},"type":"if","locations":[{"start":{"line":26,"column":2},"end":{"line":38,"column":3}},{"start":{},"end":{}}],"line":26},"1":{"loc":{"start":{"line":27,"column":4},"end":{"line":28,"column":26}},"type":"binary-expr","locations":[{"start":{"line":27,"column":4},"end":{"line":27,"column":29}},{"start":{"line":28,"column":4},"end":{"line":28,"column":26}}],"line":27},"2":{"loc":{"start":{"line":63,"column":6},"end":{"line":71,"column":7}},"type":"if","locations":[{"start":{"line":63,"column":6},"end":{"line":71,"column":7}},{"start":{},"end":{}}],"line":63},"3":{"loc":{"start":{"line":126,"column":6},"end":{"line":134,"column":7}},"type":"if","locations":[{"start":{"line":126,"column":6},"end":{"line":134,"column":7}},{"start":{},"end":{}}],"line":126},"4":{"loc":{"start":{"line":162,"column":2},"end":{"line":173,"column":3}},"type":"if","locations":[{"start":{"line":162,"column":2},"end":{"line":173,"column":3}},{"start":{},"end":{}}],"line":162},"5":{"loc":{"start":{"line":187,"column":6},"end":{"line":195,"column":7}},"type":"if","locations":[{"start":{"line":187,"column":6},"end":{"line":195,"column":7}},{"start":{},"end":{}}],"line":187},"6":{"loc":{"start":{"line":197,"column":6},"end":{"line":211,"column":7}},"type":"if","locations":[{"start":{"line":197,"column":6},"end":{"line":211,"column":7}},{"start":{},"end":{}}],"line":197},"7":{"loc":{"start":{"line":236,"column":10},"end":{"line":244,"column":11}},"type":"if","locations":[{"start":{"line":236,"column":10},"end":{"line":244,"column":11}},{"start":{},"end":{}}],"line":236},"8":{"loc":{"start":{"line":300,"column":6},"end":{"line":308,"column":7}},"type":"if","locations":[{"start":{"line":300,"column":6},"end":{"line":308,"column":7}},{"start":{},"end":{}}],"line":300},"9":{"loc":{"start":{"line":310,"column":6},"end":{"line":321,"column":7}},"type":"if","locations":[{"start":{"line":310,"column":6},"end":{"line":321,"column":7}},{"start":{},"end":{}}],"line":310},"10":{"loc":{"start":{"line":367,"column":6},"end":{"line":375,"column":7}},"type":"if","locations":[{"start":{"line":367,"column":6},"end":{"line":375,"column":7}},{"start":{},"end":{}}],"line":367}},"s":{"0":87,"1":4,"2":4,"3":4,"4":2,"5":2,"6":4,"7":2,"8":2,"9":2,"10":1,"11":1,"12":1,"13":1,"14":1,"15":87,"16":3,"17":3,"18":3,"19":3,"20":1,"21":1,"22":2,"23":2,"24":87,"25":5,"26":5,"27":5,"28":1,"29":4,"30":4,"31":4,"32":1,"33":1,"34":3,"35":1,"36":1,"37":2,"38":3,"39":2,"40":2,"41":2,"42":1,"43":1,"44":1,"45":1,"46":1,"47":87,"48":3,"49":3,"50":3,"51":3,"52":3,"53":1,"54":1,"55":2,"56":1,"57":1,"58":1,"59":87,"60":3,"61":3,"62":3,"63":1,"64":1,"65":2,"66":2},"f":{"0":4,"1":4,"2":2,"3":3,"4":3,"5":5,"6":4,"7":3,"8":2,"9":3,"10":3,"11":3,"12":3},"b":{"0":[2,2],"1":[4,3],"2":[1,1],"3":[1,2],"4":[1,4],"5":[1,3],"6":[1,2],"7":[1,1],"8":[1,2],"9":[1,1],"10":[1,2]},"_coverageSchema":"1a1c01bbd47fc00a2c39e90264f33305004495a9","hash":"87b77923abea2ba6987392bdc58379367af8c04a"}
[...]
,"C:\\Users\\ACER\\Desktop\\Thrills\\api\\routes\\block.js": {"path":"C:\\Users\\ACER\\Desktop\\Thrills\\api\\routes\\block.js","statementMap":{"0":{"start":{"line":19,"column":2},"end":{"line":19,"column":18}},"1":{"start":{"line":21,"column":0},"end":{"line":25,"column":2}},"2":{"start":{"line":27,"column":0},"end":{"line":31,"column":2}},"3":{"start":{"line":33,"column":0},"end":{"line":37,"column":2}}},"fnMap":{},"branchMap":{},"s":{"0":87,"1":87,"2":87,"3":87},"f":{},"b":{},"_coverageSchema":"1a1c01bbd47fc00a2c39e90264f33305004495a9","hash":"e61251da28114737aab9711a5a48501c4bc213d4"}
,"C:\\Users\\ACER\\Desktop\\Thrills\\api\\routes\\comments.js": {"path":"C:\\Users\\ACER\\Desktop\\Thrills\\api\\routes\\comments.js","statementMap":{"0":{"start":{"line":10,"column":15},"end":{"line":10,"column":31}},"1":{"start":{"line":12,"column":0},"end":{"line":12,"column":28}},"2":{"start":{"line":13,"column":0},"end":{"line":13,"column":87}},"3":{"start":{"line":15,"column":0},"end":{"line":15,"column":50}}},"fnMap":{},"branchMap":{},"s":{"0":87,"1":87,"2":87,"3":87},"f":{},"b":{},"_coverageSchema":"1a1c01bbd47fc00a2c39e90264f33305004495a9","hash":"628085b21608f5db6b3f34607bf6b4e69cff58d2"}
,"C:\\Users\\ACER\\Desktop\\Thrills\\api\\routes\\conversations.js": {"path":"C:\\Users\\ACER\\Desktop\\Thrills\\api\\routes\\conversations.js","statementMap":{"0":{"start":{"line":13,"column":15},"end":{"line":13,"column":31}},"1":{"start":{"line":16,"column":0},"end":{"line":20,"column":2}},"2":{"start":{"line":23,"column":0},"end":{"line":27,"column":2}},"3":{"start":{"line":29,"column":0},"end":{"line":34,"column":2}},"4":{"start":{"line":36,"column":0},"end":{"line":40,"column":2}},"5":{"start":{"line":42,"column":0},"end":{"line":46,"column":2}}},"fnMap":{},"branchMap":{},"s":{"0":87,"1":87,"2":87,"3":87,"4":87,"5":87},"f":{},"b":{},"_coverageSchema":"1a1c01bbd47fc00a2c39e90264f33305004495a9","hash":"d22dd3a52e309126199dd16d979609985a6f51a3"}
,"C:\\Users\\ACER\\Desktop\\Thrills\\api\\routes\\discover.js": {"path":"C:\\Users\\ACER\\Desktop\\Thrills\\api\\routes\\discover.js","statementMap":{"0":{"start":{"line":5,"column":15},"end":{"line":5,"column":31}},"1":{"start":{"line":7,"column":0},"end":{"line":10,"column":2}},"2":{"start":{"line":12,"column":0},"end":{"line":16,"column":2}},"3":{"start":{"line":18,"column":0},"end":{"line":21,"column":2}},"4":{"start":{"line":23,"column":0},"end":{"line":26,"column":2}},"5":{"start":{"line":28,"column":0},"end":{"line":32,"column":2}}},"fnMap":{},"branchMap":{},"s":{"0":87,"1":87,"2":87,"3":87,"4":87,"5":87},"f":{},"b":{},"_coverageSchema":"1a1c01bbd47fc00a2c39e90264f33305004495a9","hash":"b2f1ec3799c173bed15aefc9e73f7f5fe090951d"}
,"C:\\Users\\ACER\\Desktop\\Thrills\\api\\routes\\hashtags.js": {"path":"C:\\Users\\ACER\\Desktop\\Thrills\\api\\routes\\hashtags.js","statementMap":{"0":{"start":{"line":13,"column":2},"end":{"line":13,"column":18}},"1":{"start":{"line":15,"column":0},"end":{"line":18,"column":2}},"2":{"start":{"line":20,"column":0},"end":{"line":23,"column":2}},"3":{"start":{"line":25,"column":0},"end":{"line":29,"column":2}},"4":{"start":{"line":31,"column":0},"end":{"line":34,"column":2}}},"fnMap":{},"branchMap":{},"s":{"0":87,"1":87,"2":87,"3":87,"4":87},"f":{},"b":{},"_coverageSchema":"1a1c01bbd47fc00a2c39e90264f33305004495a9","hash":"602583211682d39e4c6a7ccae25021bb2b2a188e"}
,"C:\\Users\\ACER\\Desktop\\Thrills\\api\\routes\\interests.js": {"path":"C:\\Users\\ACER\\Desktop\\Thrills\\api\\routes\\interests.js","statementMap":{"0":{"start":{"line":14,"column":2},"end":{"line":14,"column":18}},"1":{"start":{"line":16,"column":0},"end":{"line":20,"column":2}},"2":{"start":{"line":22,"column":0},"end":{"line":25,"column":2}},"3":{"start":{"line":27,"column":0},"end":{"line":30,"column":2}},"4":{"start":{"line":32,"column":0},"end":{"line":36,"column":2}},"5":{"start":{"line":38,"column":0},"end":{"line":42,"column":2}}},"fnMap":{},"branchMap":{},"s":{"0":87,"1":87,"2":87,"3":87,"4":87,"5":87},"f":{},"b":{},"_coverageSchema":"1a1c01bbd47fc00a2c39e90264f33305004495a9","hash":"44c36d15d6e4853f3daa12adb940ebb4c55e4788"}
,"C:\\Users\\ACER\\Desktop\\Thrills\\api\\routes\\likes.js": {"path":"C:\\Users\\ACER\\Desktop\\Thrills\\api\\routes\\likes.js","statementMap":{"0":{"start":{"line":6,"column":15},"end":{"line":6,"column":31}},"1":{"start":{"line":8,"column":0},"end":{"line":8,"column":25}},"2":{"start":{"line":9,"column":0},"end":{"line":9,"column":51}},"3":{"start":{"line":10,"column":0},"end":{"line":10,"column":43}}},"fnMap":{},"branchMap":{},"s":{"0":87,"1":87,"2":87,"3":87},"f":{},"b":{},"_coverageSchema":"1a1c01bbd47fc00a2c39e90264f33305004495a9","hash":"7c62ca9e45e181abadadd4730a1d6f3b7ee3dd53"}
,"C:\\Users\\ACER\\Desktop\\Thrills\\api\\routes\\messages.js": {"path":"C:\\Users\\ACER\\Desktop\\Thrills\\api\\routes\\messages.js","statementMap":{"0":{"start":{"line":19,"column":15},"end":{"line":19,"column":31}},"1":{"start":{"line":22,"column":0},"end":{"line":22,"column":88}},"2":{"start":{"line":25,"column":0},"end":{"line":29,"column":2}},"3":{"start":{"line":31,"column":0},"end":{"line":35,"column":2}},"4":{"start":{"line":37,"column":0},"end":{"line":42,"column":2}}},"fnMap":{},"branchMap":{},"s":{"0":87,"1":87,"2":87,"3":87,"4":87},"f":{},"b":{},"_coverageSchema":"1a1c01bbd47fc00a2c39e90264f33305004495a9","hash":"c911d4d0fb5f35d3ce229b7f11d3202ee193d536"}
,"C:\\Users\\ACER\\Desktop\\Thrills\\api\\routes\\notifications.js": {"path":"C:\\Users\\ACER\\Desktop\\Thrills\\api\\routes\\notifications.js","statementMap":{"0":{"start":{"line":15,"column":15},"end":{"line":15,"column":31}},"1":{"start":{"line":18,"column":0},"end":{"line":18,"column":47}},"2":{"start":{"line":21,"column":0},"end":{"line":25,"column":2}},"3":{"start":{"line":28,"column":0},"end":{"line":32,"column":2}},"4":{"start":{"line":35,"column":0},"end":{"line":39,"column":2}},"5":{"start":{"line":41,"column":0},"end":{"line":45,"column":2}},"6":{"start":{"line":47,"column":0},"end":{"line":51,"column":2}},"7":{"start":{"line":53,"column":0},"end":{"line":57,"column":2}}},"fnMap":{},"branchMap":{},"s":{"0":87,"1":87,"2":87,"3":87,"4":87,"5":87,"6":87,"7":87},"f":{},"b":{},"_coverageSchema":"1a1c01bbd47fc00a2c39e90264f33305004495a9","hash":"3ee66eda482bf129599ef43a27865ed01a5356ca"}
,"C:\\Users\\ACER\\Desktop\\Thrills\\api\\routes\\posts.js": {"path":"C:\\Users\\ACER\\Desktop\\Thrills\\api\\routes\\posts.js","statementMap":{"0":{"start":{"line":19,"column":15},"end":{"line":19,"column":31}},"1":{"start":{"line":21,"column":0},"end":{"line":21,"column":39}},"2":{"start":{"line":23,"column":0},"end":{"line":23,"column":55}},"3":{"start":{"line":25,"column":0},"end":{"line":25,"column":53}},"4":{"start":{"line":27,"column":0},"end":{"line":27,"column":54}},"5":{"start":{"line":29,"column":0},"end":{"line":29,"column":60}},"6":{"start":{"line":31,"column":0},"end":{"line":31,"column":65}},"7":{"start":{"line":33,"column":0},"end":{"line":33,"column":47}}},"fnMap":{},"branchMap":{},"s":{"0":87,"1":87,"2":87,"3":87,"4":87,"5":87,"6":87,"7":87},"f":{},"b":{},"_coverageSchema":"1a1c01bbd47fc00a2c39e90264f33305004495a9","hash":"04cea5a106f94f8a9a5540ab68866322995a839c"}
,"C:\\Users\\ACER\\Desktop\\Thrills\\api\\routes\\relationships.js": {"path":"C:\\Users\\ACER\\Desktop\\Thrills\\api\\routes\\relationships.js","statementMap":{"0":{"start":{"line":5,"column":15},"end":{"line":5,"column":31}},"1":{"start":{"line":7,"column":0},"end":{"line":7,"column":33}},"2":{"start":{"line":8,"column":0},"end":{"line":8,"column":44}},"3":{"start":{"line":9,"column":0},"end":{"line":9,"column":46}},"4":{"start":{"line":10,"column":0},"end":{"line":10,"column":51}}},"fnMap":{},"branchMap":{},"s":{"0":87,"1":87,"2":87,"3":87,"4":87},"f":{},"b":{},"_coverageSchema":"1a1c01bbd47fc00a2c39e90264f33305004495a9","hash":"717a9ce3ca4e79c016be29d2a88444b4dd19fbf3"}
,"C:\\Users\\ACER\\Desktop\\Thrills\\api\\routes\\reports.js": {"path":"C:\\Users\\ACER\\Desktop\\Thrills\\api\\routes\\reports.js","statementMap":{"0":{"start":{"line":25,"column":2},"end":{"line":25,"column":18}},"1":{"start":{"line":27,"column":0},"end":{"line":33,"column":2}},"2":{"start":{"line":35,"column":0},"end":{"line":47,"column":2}},"3":{"start":{"line":49,"column":0},"end":{"line":61,"column":2}},"4":{"start":{"line":63,"column":0},"end":{"line":75,"column":2}}},"fnMap":{},"branchMap":{},"s":{"0":87,"1":87,"2":87,"3":87,"4":87},"f":{},"b":{},"_coverageSchema":"1a1c01bbd47fc00a2c39e90264f33305004495a9","hash":"fcc2f3b68e554aafe18c8e4d04ac1454d78bbe54"}
,"C:\\Users\\ACER\\Desktop\\Thrills\\api\\routes\\saved.js": {"path":"C:\\Users\\ACER\\Desktop\\Thrills\\api\\routes\\saved.js","statementMap":{"0":{"start":{"line":14,"column":2},"end":{"line":14,"column":18}},"1":{"start":{"line":16,"column":0},"end":{"line":20,"column":2}},"2":{"start":{"line":22,"column":0},"end":{"line":26,"column":2}},"3":{"start":{"line":28,"column":0},"end":{"line":32,"column":2}},"4":{"start":{"line":34,"column":0},"end":{"line":38,"column":2}},"5":{"start":{"line":40,"column":0},"end":{"line":44,"column":2}}},"fnMap":{},"branchMap":{},"s":{"0":87,"1":87,"2":87,"3":87,"4":87,"5":87},"f":{},"b":{},"_coverageSchema":"1a1c01bbd47fc00a2c39e90264f33305004495a9","hash":"66318a54263f91987dd938de4753ee2ac9609fee"}
,"C:\\Users\\ACER\\Desktop\\Thrills\\api\\routes\\search.js": {"path":"C:\\Users\\ACER\\Desktop\\Thrills\\api\\routes\\search.js","statementMap":{"0":{"start":{"line":16,"column":2},"end":{"line":16,"column":18}},"1":{"start":{"line":18,"column":0},"end":{"line":23,"column":2}},"2":{"start":{"line":25,"column":0},"end":{"line":28,"column":2}},"3":{"start":{"line":30,"column":0},"end":{"line":33,"column":2}},"4":{"start":{"line":35,"column":0},"end":{"line":38,"column":2}},"5":{"start":{"line":40,"column":0},"end":{"line":43,"column":2}}},"fnMap":{},"branchMap":{},"s":{"0":87,"1":87,"2":87,"3":87,"4":87,"5":87},"f":{},"b":{},"_coverageSchema":"1a1c01bbd47fc00a2c39e90264f33305004495a9","hash":"744cdf95ad438f800a4cea91f31abbd027b0b725"}
,"C:\\Users\\ACER\\Desktop\\Thrills\\api\\routes\\stories.js": {"path":"C:\\Users\\ACER\\Desktop\\Thrills\\api\\routes\\stories.js","statementMap":{"0":{"start":{"line":5,"column":15},"end":{"line":5,"column":31}},"1":{"start":{"line":7,"column":0},"end":{"line":7,"column":41}},"2":{"start":{"line":8,"column":0},"end":{"line":8,"column":40}},"3":{"start":{"line":9,"column":0},"end":{"line":12,"column":2}},"4":{"start":{"line":13,"column":0},"end":{"line":16,"column":2}},"5":{"start":{"line":17,"column":0},"end":{"line":17,"column":48}}},"fnMap":{},"branchMap":{},"s":{"0":87,"1":87,"2":87,"3":87,"4":87,"5":87},"f":{},"b":{},"_coverageSchema":"1a1c01bbd47fc00a2c39e90264f33305004495a9","hash":"f4517e3f7f2c6e3ffed1ea13ec62b9b193466596"}
,"C:\\Users\\ACER\\Desktop\\Thrills\\api\\routes\\upload.js": {"path":"C:\\Users\\ACER\\Desktop\\Thrills\\api\\routes\\upload.js","statementMap":{"0":{"start":{"line":13,"column":2},"end":{"line":13,"column":18}},"1":{"start":{"line":15,"column":0},"end":{"line":41,"column":2}},"2":{"start":{"line":30,"column":4},"end":{"line":37,"column":9}}},"fnMap":{"0":{"name":"(anonymous_0)","decl":{"start":{"line":25,"column":2},"end":{"line":25,"column":3}},"loc":{"start":{"line":28,"column":7},"end":{"line":39,"column":3}},"line":28}},"branchMap":{},"s":{"0":87,"1":87,"2":0},"f":{"0":0},"b":{},"_coverageSchema":"1a1c01bbd47fc00a2c39e90264f33305004495a9","hash":"a600405178f68fc7951042ab5f8a4368b7390197"}
,"C:\\Users\\ACER\\Desktop\\Thrills\\api\\routes\\users.js": {"path":"C:\\Users\\ACER\\Desktop\\Thrills\\api\\routes\\users.js","statementMap":{"0":{"start":{"line":13,"column":15},"end":{"line":13,"column":31}},"1":{"start":{"line":16,"column":0},"end":{"line":20,"column":2}},"2":{"start":{"line":23,"column":0},"end":{"line":27,"column":2}},"3":{"start":{"line":30,"column":0},"end":{"line":33,"column":2}},"4":{"start":{"line":36,"column":0},"end":{"line":40,"column":2}},"5":{"start":{"line":43,"column":0},"end":{"line":47,"column":2}}},"fnMap":{},"branchMap":{},"s":{"0":87,"1":87,"2":87,"3":87,"4":87,"5":87},"f":{},"b":{},"_coverageSchema":"1a1c01bbd47fc00a2c39e90264f33305004495a9","hash":"0921e3c358adec94c76608d15bd4a7c43c5d86ff"}
,"C:\\Users\\ACER\\Desktop\\Thrills\\api\\sockets\\socketInstance.js": {"path":"C:\\Users\\ACER\\Desktop\\Thrills\\api\\sockets\\socketInstance.js","statementMap":{"0":{"start":{"line":3,"column":21},"end":{"line":9,"column":1}},"1":{"start":{"line":7,"column":2},"end":{"line":7,"column":16}},"2":{"start":{"line":11,"column":21},"end":{"line":15,"column":1}},"3":{"start":{"line":13,"column":2},"end":{"line":13,"column":12}}},"fnMap":{"0":{"name":"(anonymous_0)","decl":{"start":{"line":3,"column":21},"end":{"line":3,"column":22}},"loc":{"start":{"line":5,"column":5},"end":{"line":9,"column":1}},"line":5},"1":{"name":"(anonymous_1)","decl":{"start":{"line":11,"column":21},"end":{"line":11,"column":22}},"loc":{"start":{"line":11,"column":27},"end":{"line":15,"column":1}},"line":11}},"branchMap":{},"s":{"0":83,"1":0,"2":83,"3":0},"f":{"0":0,"1":0},"b":{},"_coverageSchema":"1a1c01bbd47fc00a2c39e90264f33305004495a9","hash":"60fac949912ec50b8a027a037706907200144b4f"}
,"C:\\Users\\ACER\\Desktop\\Thrills\\api\\utils\\ApiError.js": {"path":"C:\\Users\\ACER\\Desktop\\Thrills\\api\\utils\\ApiError.js","statementMap":{"0":{"start":{"line":5,"column":4},"end":{"line":5,"column":19}},"1":{"start":{"line":7,"column":4},"end":{"line":7,"column":33}},"2":{"start":{"line":9,"column":4},"end":{"line":12,"column":6}}},"fnMap":{"0":{"name":"(anonymous_0)","decl":{"start":{"line":3,"column":2},"end":{"line":3,"column":3}},"loc":{"start":{"line":3,"column":35},"end":{"line":14,"column":3}},"line":3}},"branchMap":{},"s":{"0":54,"1":54,"2":54},"f":{"0":54},"b":{},"_coverageSchema":"1a1c01bbd47fc00a2c39e90264f33305004495a9","hash":"b0f512d5397b721822a5bf5fd9414f6d3531bb5d"}
,"C:\\Users\\ACER\\Desktop\\Thrills\\api\\utils\\activityLogger.js": {"path":"C:\\Users\\ACER\\Desktop\\Thrills\\api\\utils\\activityLogger.js","statementMap":{"0":{"start":{"line":4,"column":27},"end":{"line":26,"column":1}},"1":{"start":{"line":10,"column":12},"end":{"line":14,"column":3}},"2":{"start":{"line":16,"column":17},"end":{"line":21,"column":3}},"3":{"start":{"line":23,"column":2},"end":{"line":25,"column":5}},"4":{"start":{"line":24,"column":4},"end":{"line":24,"column":30}},"5":{"start":{"line":24,"column":13},"end":{"line":24,"column":30}}},"fnMap":{"0":{"name":"(anonymous_0)","decl":{"start":{"line":4,"column":27},"end":{"line":4,"column":28}},"loc":{"start":{"line":8,"column":5},"end":{"line":26,"column":1}},"line":8},"1":{"name":"(anonymous_1)","decl":{"start":{"line":23,"column":24},"end":{"line":23,"column":25}},"loc":{"start":{"line":23,"column":33},"end":{"line":25,"column":3}},"line":23}},"branchMap":{"0":{"loc":{"start":{"line":24,"column":4},"end":{"line":24,"column":30}},"type":"if","locations":[{"start":{"line":24,"column":4},"end":{"line":24,"column":30}},{"start":{},"end":{}}],"line":24}},"s":{"0":74,"1":1,"2":1,"3":1,"4":1,"5":0},"f":{"0":1,"1":1},"b":{"0":[0,1]},"_coverageSchema":"1a1c01bbd47fc00a2c39e90264f33305004495a9","hash":"69d3a64d7be2532fc74624ff0126122ec2d9903d"}
,"C:\\Users\\ACER\\Desktop\\Thrills\\api\\utils\\auditLogger.js": {"path":"C:\\Users\\ACER\\Desktop\\Thrills\\api\\utils\\auditLogger.js","statementMap":{"0":{"start":{"line":7,"column":24},"end":{"line":62,"column":1}},"1":{"start":{"line":21,"column":12},"end":{"line":31,"column":3}},"2":{"start":{"line":33,"column":2},"end":{"line":60,"column":4}},"3":{"start":{"line":45,"column":6},"end":{"line":53,"column":7}},"4":{"start":{"line":47,"column":8},"end":{"line":49,"column":10}},"5":{"start":{"line":51,"column":8},"end":{"line":51,"column":15}},"6":{"start":{"line":55,"column":6},"end":{"line":57,"column":8}}},"fnMap":{"0":{"name":"(anonymous_0)","decl":{"start":{"line":7,"column":24},"end":{"line":7,"column":25}},"loc":{"start":{"line":19,"column":5},"end":{"line":62,"column":1}},"line":19},"1":{"name":"(anonymous_1)","decl":{"start":{"line":43,"column":4},"end":{"line":43,"column":5}},"loc":{"start":{"line":43,"column":13},"end":{"line":59,"column":5}},"line":43}},"branchMap":{"0":{"loc":{"start":{"line":17,"column":2},"end":{"line":17,"column":16}},"type":"default-arg","locations":[{"start":{"line":17,"column":12},"end":{"line":17,"column":16}}],"line":17},"1":{"loc":{"start":{"line":45,"column":6},"end":{"line":53,"column":7}},"type":"if","locations":[{"start":{"line":45,"column":6},"end":{"line":53,"column":7}},{"start":{},"end":{}}],"line":45}},"s":{"0":83,"1":3,"2":3,"3":3,"4":1,"5":1,"6":2},"f":{"0":3,"1":3},"b":{"0":[3],"1":[1,2]},"_coverageSchema":"1a1c01bbd47fc00a2c39e90264f33305004495a9","hash":"b57e965b10aca2e4c032a84997bb600ccc09d115"}
,"C:\\Users\\ACER\\Desktop\\Thrills\\api\\utils\\cloudinary.js": {"path":"C:\\Users\\ACER\\Desktop\\Thrills\\api\\utils\\cloudinary.js","statementMap":{"0":{"start":{"line":3,"column":0},"end":{"line":14,"column":3}}},"fnMap":{},"branchMap":{},"s":{"0":87},"f":{},"b":{},"_coverageSchema":"1a1c01bbd47fc00a2c39e90264f33305004495a9","hash":"12ddab221804453400a8d6a0f9d3290c75f08722"}
,"C:\\Users\\ACER\\Desktop\\Thrills\\api\\utils\\extractHashtags.js": {"path":"C:\\Users\\ACER\\Desktop\\Thrills\\api\\utils\\extractHashtags.js","statementMap":{"0":{"start":{"line":1,"column":31},"end":{"line":10,"column":1}},"1":{"start":{"line":3,"column":18},"end":{"line":3,"column":37}},"2":{"start":{"line":5,"column":2},"end":{"line":5,"column":26}},"3":{"start":{"line":5,"column":16},"end":{"line":5,"column":26}},"4":{"start":{"line":7,"column":2},"end":{"line":9,"column":4}},"5":{"start":{"line":8,"column":4},"end":{"line":8,"column":34}}},"fnMap":{"0":{"name":"(anonymous_0)","decl":{"start":{"line":1,"column":31},"end":{"line":1,"column":32}},"loc":{"start":{"line":1,"column":41},"end":{"line":10,"column":1}},"line":1},"1":{"name":"(anonymous_1)","decl":{"start":{"line":7,"column":21},"end":{"line":7,"column":22}},"loc":{"start":{"line":8,"column":4},"end":{"line":8,"column":34}},"line":8}},"branchMap":{"0":{"loc":{"start":{"line":5,"column":2},"end":{"line":5,"column":26}},"type":"if","locations":[{"start":{"line":5,"column":2},"end":{"line":5,"column":26}},{"start":{},"end":{}}],"line":5}},"s":{"0":87,"1":1,"2":1,"3":1,"4":0,"5":0},"f":{"0":1,"1":0},"b":{"0":[1,0]},"_coverageSchema":"1a1c01bbd47fc00a2c39e90264f33305004495a9","hash":"ca8ba6535d62d33dde589be92b628875e10e923d"}
,"C:\\Users\\ACER\\Desktop\\Thrills\\api\\utils\\logger.js": {"path":"C:\\Users\\ACER\\Desktop\\Thrills\\api\\utils\\logger.js","statementMap":{"0":{"start":{"line":4,"column":2},"end":{"line":55,"column":4}},"1":{"start":{"line":25,"column":12},"end":{"line":29,"column":67}}},"fnMap":{"0":{"name":"(anonymous_0)","decl":{"start":{"line":18,"column":10},"end":{"line":18,"column":11}},"loc":{"start":{"line":23,"column":16},"end":{"line":31,"column":11}},"line":23}},"branchMap":{"0":{"loc":{"start":{"line":25,"column":19},"end":{"line":29,"column":66}},"type":"cond-expr","locations":[{"start":{"line":27,"column":16},"end":{"line":27,"column":76}},{"start":{"line":29,"column":16},"end":{"line":29,"column":66}}],"line":25}},"s":{"0":91,"1":572},"f":{"0":572},"b":{"0":[127,445]},"_coverageSchema":"1a1c01bbd47fc00a2c39e90264f33305004495a9","hash":"19b80a22c9bbd7a5d2da04410343b12af38e8c74"}
,"C:\\Users\\ACER\\Desktop\\Thrills\\api\\utils\\onlineUsers.js": {"path":"C:\\Users\\ACER\\Desktop\\Thrills\\api\\utils\\onlineUsers.js","statementMap":{"0":{"start":{"line":2,"column":2},"end":{"line":2,"column":11}}},"fnMap":{},"branchMap":{},"s":{"0":86},"f":{},"b":{},"_coverageSchema":"1a1c01bbd47fc00a2c39e90264f33305004495a9","hash":"6997be252102efbee1213f8382b79badc75e7108"}
}
