TN:
SF:app.js
FN:53,(anonymous_0)
FN:62,(anonymous_1)
FN:146,(anonymous_2)
FNF:3
FNH:2
FNDA:1,(anonymous_0)
FNDA:247,(anonymous_1)
FNDA:0,(anonymous_2)
DA:50,87
DA:53,87
DA:55,1
DA:62,87
DA:64,247
DA:69,247
DA:74,87
DA:77,87
DA:83,87
DA:90,87
DA:102,87
DA:105,87
DA:118,87
DA:138,87
DA:141,87
DA:148,0
DA:150,0
DA:158,0
DA:168,87
DA:171,87
DA:173,87
DA:175,87
DA:177,87
DA:179,87
DA:181,87
DA:186,87
DA:191,87
DA:196,87
DA:201,87
DA:206,87
DA:211,87
DA:216,87
DA:221,87
DA:226,87
DA:231,87
DA:236,87
DA:241,87
DA:246,87
DA:251,87
DA:256,87
DA:262,87
LF:41
LH:38
BRDA:148,0,0,0
BRDA:148,0,1,0
BRF:2
BRH:0
end_of_record
TN:
SF:connect.js
FNF:0
FNH:0
DA:4,5
DA:6,5
DA:8,5
DA:12,0
LF:4
LH:3
BRDA:8,0,0,0
BRDA:8,0,1,5
BRF:2
BRH:1
end_of_record
TN:
SF:controllers\admin.js
FN:14,(anonymous_0)
FN:30,(anonymous_1)
FN:70,(anonymous_2)
FN:86,(anonymous_3)
FN:126,(anonymous_4)
FN:160,(anonymous_5)
FN:179,(anonymous_6)
FN:204,(anonymous_7)
FN:219,(anonymous_8)
FN:232,(anonymous_9)
FN:272,(anonymous_10)
FN:285,(anonymous_11)
FNF:12
FNH:12
FNDA:3,(anonymous_0)
FNDA:3,(anonymous_1)
FNDA:3,(anonymous_2)
FNDA:3,(anonymous_3)
FNDA:2,(anonymous_4)
FNDA:2,(anonymous_5)
FNDA:3,(anonymous_6)
FNDA:3,(anonymous_7)
FNDA:3,(anonymous_8)
FNDA:3,(anonymous_9)
FNDA:3,(anonymous_10)
FNDA:3,(anonymous_11)
DA:14,87
DA:20,3
DA:26,3
DA:32,3
DA:33,1
DA:35,2
DA:39,1
DA:48,1
DA:56,1
DA:60,1
DA:70,87
DA:76,3
DA:82,3
DA:88,3
DA:89,1
DA:91,2
DA:95,1
DA:104,1
DA:112,1
DA:116,1
DA:126,87
DA:132,2
DA:157,2
DA:162,2
DA:163,1
DA:165,1
DA:169,1
DA:179,87
DA:185,3
DA:201,3
DA:206,3
DA:207,1
DA:209,2
DA:219,87
DA:226,3
DA:228,3
DA:234,3
DA:235,1
DA:237,2
DA:241,1
DA:250,1
DA:258,1
DA:262,1
DA:272,87
DA:279,3
DA:281,3
DA:287,3
DA:288,1
DA:290,2
DA:294,1
DA:303,1
DA:311,1
DA:315,1
LF:53
LH:53
BRDA:32,0,0,1
BRDA:32,0,1,2
BRDA:35,1,0,1
BRDA:35,1,1,1
BRDA:88,2,0,1
BRDA:88,2,1,2
BRDA:91,3,0,1
BRDA:91,3,1,1
BRDA:162,4,0,1
BRDA:162,4,1,1
BRDA:206,5,0,1
BRDA:206,5,1,2
BRDA:234,6,0,1
BRDA:234,6,1,2
BRDA:237,7,0,1
BRDA:237,7,1,1
BRDA:287,8,0,1
BRDA:287,8,1,2
BRDA:290,9,0,1
BRDA:290,9,1,1
BRF:20
BRH:20
end_of_record
TN:
SF:controllers\analytics.js
FN:4,(anonymous_0)
FN:28,(anonymous_1)
FN:46,(anonymous_2)
FN:74,(anonymous_3)
FN:88,(anonymous_4)
FN:120,(anonymous_5)
FNF:6
FNH:6
FNDA:2,(anonymous_0)
FNDA:2,(anonymous_1)
FNDA:3,(anonymous_2)
FNDA:3,(anonymous_3)
FNDA:3,(anonymous_4)
FNDA:3,(anonymous_5)
DA:4,87
DA:10,2
DA:26,2
DA:30,2
DA:31,1
DA:33,1
DA:37,1
DA:46,87
DA:52,3
DA:72,3
DA:76,3
DA:77,1
DA:79,2
DA:88,87
DA:94,3
DA:118,3
DA:122,3
DA:123,1
DA:125,2
LF:19
LH:19
BRDA:30,0,0,1
BRDA:30,0,1,1
BRDA:76,1,0,1
BRDA:76,1,1,2
BRDA:122,2,0,1
BRDA:122,2,1,2
BRF:6
BRH:6
end_of_record
TN:
SF:controllers\audit.js
FN:7,(anonymous_0)
FN:50,(anonymous_1)
FNF:2
FNH:2
FNDA:4,(anonymous_0)
FNDA:4,(anonymous_1)
DA:7,87
DA:14,4
DA:17,4
DA:20,4
DA:22,4
DA:43,4
DA:52,4
DA:53,1
DA:55,3
DA:59,3
LF:10
LH:10
BRDA:14,0,0,4
BRDA:14,0,1,3
BRDA:17,1,0,4
BRDA:17,1,1,3
BRDA:52,2,0,1
BRDA:52,2,1,3
BRF:6
BRH:6
end_of_record
TN:
SF:controllers\auth.js
FN:16,(anonymous_0)
FN:39,(anonymous_1)
FN:94,(anonymous_2)
FN:125,(anonymous_3)
FN:148,(anonymous_4)
FN:336,(anonymous_5)
FN:398,(anonymous_6)
FN:435,(anonymous_7)
FN:619,(anonymous_8)
FN:699,(anonymous_9)
FN:791,(anonymous_10)
FNF:11
FNH:10
FNDA:4,(anonymous_0)
FNDA:4,(anonymous_1)
FNDA:2,(anonymous_2)
FNDA:1,(anonymous_3)
FNDA:1,(anonymous_4)
FNDA:0,(anonymous_5)
FNDA:4,(anonymous_6)
FNDA:3,(anonymous_7)
FNDA:2,(anonymous_8)
FNDA:1,(anonymous_9)
FNDA:1,(anonymous_10)
DA:16,88
DA:23,4
DA:32,4
DA:41,4
DA:43,1
DA:47,1
DA:51,3
DA:53,1
DA:57,1
DA:68,2
DA:71,2
DA:77,2
DA:83,2
DA:90,2
DA:96,2
DA:98,1
DA:102,1
DA:106,1
DA:110,1
DA:125,88
DA:132,1
DA:141,1
DA:150,1
DA:152,0
DA:156,0
DA:160,1
DA:162,0
DA:166,0
DA:176,1
DA:179,1
DA:188,0
DA:192,0
DA:203,1
DA:208,1
DA:211,1
DA:214,1
DA:217,0
DA:222,0
DA:241,0
DA:245,0
DA:254,1
DA:268,1
DA:272,1
DA:298,0
DA:312,0
DA:322,0
DA:338,0
DA:340,0
DA:344,0
DA:352,0
DA:354,0
DA:358,0
DA:365,0
DA:398,88
DA:407,4
DA:410,4
DA:412,1
DA:416,1
DA:425,3
DA:437,3
DA:438,0
DA:440,3
DA:444,1
DA:614,2
DA:621,2
DA:623,1
DA:627,1
DA:638,1
DA:648,1
DA:652,1
DA:675,1
DA:699,88
DA:705,1
DA:710,1
DA:712,1
DA:714,0
DA:717,0
DA:722,0
DA:731,0
DA:747,1
DA:749,1
DA:751,0
DA:762,1
DA:791,88
DA:795,1
LF:85
LH:59
BRDA:41,0,0,1
BRDA:41,0,1,3
BRDA:51,1,0,1
BRDA:51,1,1,2
BRDA:96,2,0,1
BRDA:96,2,1,1
BRDA:150,3,0,0
BRDA:150,3,1,1
BRDA:160,4,0,0
BRDA:160,4,1,1
BRDA:179,5,0,0
BRDA:179,5,1,1
BRDA:181,6,0,1
BRDA:181,6,1,0
BRDA:208,7,0,1
BRDA:208,7,1,0
BRDA:214,8,0,0
BRDA:214,8,1,1
BRDA:338,9,0,0
BRDA:338,9,1,0
BRDA:410,10,0,1
BRDA:410,10,1,3
BRDA:437,11,0,0
BRDA:437,11,1,3
BRDA:440,12,0,1
BRDA:440,12,1,2
BRDA:621,13,0,1
BRDA:621,13,1,1
BRDA:712,14,0,0
BRDA:712,14,1,1
BRDA:749,15,0,0
BRDA:749,15,1,1
BRF:32
BRH:21
end_of_record
TN:
SF:controllers\block.js
FN:14,(anonymous_0)
FN:55,(anonymous_1)
FN:81,(anonymous_2)
FN:109,(anonymous_3)
FN:129,(anonymous_4)
FN:162,(anonymous_5)
FNF:6
FNH:6
FNDA:3,(anonymous_0)
FNDA:2,(anonymous_1)
FNDA:2,(anonymous_2)
FNDA:2,(anonymous_3)
FNDA:3,(anonymous_4)
FNDA:3,(anonymous_5)
DA:14,87
DA:21,3
DA:24,3
DA:26,3
DA:30,1
DA:39,2
DA:48,2
DA:57,2
DA:58,1
DA:60,1
DA:66,1
DA:70,1
DA:81,87
DA:88,2
DA:90,2
DA:102,2
DA:111,2
DA:112,1
DA:114,1
DA:118,1
DA:129,87
DA:136,3
DA:138,3
DA:158,3
DA:164,3
DA:165,1
DA:167,2
LF:27
LH:27
BRDA:26,0,0,1
BRDA:26,0,1,2
BRDA:57,1,0,1
BRDA:57,1,1,1
BRDA:111,2,0,1
BRDA:111,2,1,1
BRDA:164,3,0,1
BRDA:164,3,1,2
BRF:8
BRH:8
end_of_record
TN:
SF:controllers\comment.js
FN:21,(anonymous_0)
FN:65,(anonymous_1)
FN:96,(anonymous_2)
FN:145,(anonymous_3)
FN:181,(anonymous_4)
FN:232,(anonymous_5)
FN:288,(anonymous_6)
FN:314,(anonymous_7)
FNF:8
FNH:8
FNDA:3,(anonymous_0)
FNDA:3,(anonymous_1)
FNDA:1,(anonymous_2)
FNDA:1,(anonymous_3)
FNDA:1,(anonymous_4)
FNDA:1,(anonymous_5)
FNDA:3,(anonymous_6)
FNDA:3,(anonymous_7)
DA:21,87
DA:29,3
DA:32,3
DA:35,3
DA:37,3
DA:57,3
DA:67,3
DA:69,1
DA:73,1
DA:77,2
DA:81,2
DA:96,87
DA:103,1
DA:106,1
DA:111,0
DA:115,0
DA:124,1
DA:130,1
DA:141,1
DA:147,1
DA:149,0
DA:153,0
DA:158,1
DA:164,1
DA:169,1
DA:177,1
DA:183,1
DA:185,0
DA:189,0
DA:193,1
DA:197,0
DA:201,0
DA:206,1
DA:209,1
DA:215,1
DA:221,1
DA:228,1
DA:234,1
DA:236,0
DA:240,0
DA:244,1
DA:252,1
DA:254,1
DA:267,1
DA:276,1
DA:288,87
DA:295,3
DA:298,3
DA:300,3
DA:307,3
DA:316,3
DA:318,1
DA:322,1
DA:326,2
DA:330,1
DA:334,1
DA:343,1
DA:347,1
LF:58
LH:48
BRDA:29,0,0,3
BRDA:29,0,1,3
BRDA:32,1,0,3
BRDA:32,1,1,3
BRDA:67,2,0,1
BRDA:67,2,1,2
BRDA:106,3,0,0
BRDA:106,3,1,1
BRDA:107,4,0,1
BRDA:107,4,1,1
BRDA:147,5,0,0
BRDA:147,5,1,1
BRDA:183,6,0,0
BRDA:183,6,1,1
BRDA:193,7,0,0
BRDA:193,7,1,1
BRDA:209,8,0,1
BRDA:209,8,1,0
BRDA:234,9,0,0
BRDA:234,9,1,1
BRDA:316,10,0,1
BRDA:316,10,1,2
BRDA:326,11,0,1
BRDA:326,11,1,1
BRF:24
BRH:18
end_of_record
TN:
SF:controllers\conversation.js
FN:14,(anonymous_0)
FN:78,(anonymous_1)
FN:132,(anonymous_2)
FN:175,(anonymous_3)
FN:281,(anonymous_4)
FN:319,(anonymous_5)
FN:340,(anonymous_6)
FN:381,(anonymous_7)
FN:418,(anonymous_8)
FN:453,(anonymous_9)
FN:484,(anonymous_10)
FN:513,(anonymous_11)
FNF:12
FNH:12
FNDA:3,(anonymous_0)
FNDA:2,(anonymous_1)
FNDA:1,(anonymous_2)
FNDA:4,(anonymous_3)
FNDA:4,(anonymous_4)
FNDA:3,(anonymous_5)
FNDA:3,(anonymous_6)
FNDA:4,(anonymous_7)
FNDA:4,(anonymous_8)
FNDA:2,(anonymous_9)
FNDA:2,(anonymous_10)
FNDA:2,(anonymous_11)
DA:14,87
DA:21,3
DA:24,3
DA:27,3
DA:32,1
DA:36,1
DA:46,2
DA:68,2
DA:80,2
DA:82,0
DA:86,0
DA:91,2
DA:95,1
DA:99,1
DA:114,1
DA:123,1
DA:128,1
DA:134,1
DA:136,0
DA:140,0
DA:144,1
DA:150,1
DA:154,1
DA:175,87
DA:182,4
DA:185,4
DA:190,4
DA:195,4
DA:197,4
DA:272,4
DA:283,4
DA:285,1
DA:289,1
DA:293,3
DA:297,3
DA:319,87
DA:326,3
DA:328,3
DA:336,3
DA:342,3
DA:344,1
DA:348,1
DA:352,2
DA:356,1
DA:365,1
DA:369,1
DA:381,87
DA:388,4
DA:391,4
DA:393,4
DA:410,4
DA:420,4
DA:422,1
DA:426,1
DA:430,3
DA:434,1
DA:443,2
DA:449,2
DA:455,2
DA:457,1
DA:461,1
DA:465,1
DA:469,1
DA:484,87
DA:491,2
DA:493,2
DA:509,2
DA:515,2
DA:517,1
DA:521,1
DA:525,1
DA:529,1
LF:72
LH:68
BRDA:27,0,0,1
BRDA:27,0,1,2
BRDA:80,1,0,0
BRDA:80,1,1,2
BRDA:91,2,0,1
BRDA:91,2,1,1
BRDA:134,3,0,0
BRDA:134,3,1,1
BRDA:185,4,0,4
BRDA:185,4,1,3
BRDA:190,5,0,4
BRDA:190,5,1,3
BRDA:283,6,0,1
BRDA:283,6,1,3
BRDA:342,7,0,1
BRDA:342,7,1,2
BRDA:352,8,0,1
BRDA:352,8,1,1
BRDA:420,9,0,1
BRDA:420,9,1,3
BRDA:430,10,0,1
BRDA:430,10,1,2
BRDA:455,11,0,1
BRDA:455,11,1,1
BRDA:515,12,0,1
BRDA:515,12,1,1
BRF:26
BRH:24
end_of_record
TN:
SF:controllers\discover.js
FN:15,(anonymous_0)
FN:88,(anonymous_1)
FN:127,(anonymous_2)
FN:215,(anonymous_3)
FN:253,(anonymous_4)
FN:298,(anonymous_5)
FN:324,(anonymous_6)
FN:355,(anonymous_7)
FN:381,(anonymous_8)
FNF:9
FNH:2
FNDA:4,(anonymous_0)
FNDA:4,(anonymous_1)
FNDA:0,(anonymous_2)
FNDA:0,(anonymous_3)
FNDA:0,(anonymous_4)
FNDA:0,(anonymous_5)
FNDA:0,(anonymous_6)
FNDA:0,(anonymous_7)
FNDA:0,(anonymous_8)
DA:15,87
DA:22,4
DA:25,4
DA:28,4
DA:30,4
DA:81,4
DA:90,4
DA:92,1
DA:96,1
DA:100,3
DA:104,3
DA:127,87
DA:134,0
DA:137,0
DA:142,0
DA:147,0
DA:149,0
DA:202,0
DA:217,0
DA:219,0
DA:223,0
DA:227,0
DA:231,0
DA:253,87
DA:259,0
DA:295,0
DA:300,0
DA:302,0
DA:306,0
DA:310,0
DA:314,0
DA:324,87
DA:330,0
DA:352,0
DA:357,0
DA:359,0
DA:363,0
DA:367,0
DA:371,0
DA:381,87
DA:388,0
DA:390,0
DA:392,0
DA:398,0
DA:402,0
DA:410,0
LF:46
LH:15
BRDA:22,0,0,4
BRDA:22,0,1,3
BRDA:25,1,0,4
BRDA:25,1,1,3
BRDA:90,2,0,1
BRDA:90,2,1,3
BRDA:137,3,0,0
BRDA:137,3,1,0
BRDA:142,4,0,0
BRDA:142,4,1,0
BRDA:217,5,0,0
BRDA:217,5,1,0
BRDA:300,6,0,0
BRDA:300,6,1,0
BRDA:357,7,0,0
BRDA:357,7,1,0
BRF:16
BRH:6
end_of_record
TN:
SF:controllers\hashtag.js
FN:14,(anonymous_0)
FN:78,(anonymous_1)
FN:119,(anonymous_2)
FN:158,(anonymous_3)
FN:184,(anonymous_4)
FN:235,(anonymous_5)
FN:261,(anonymous_6)
FNF:7
FNH:7
FNDA:4,(anonymous_0)
FNDA:4,(anonymous_1)
FNDA:4,(anonymous_2)
FNDA:4,(anonymous_3)
FNDA:4,(anonymous_4)
FNDA:3,(anonymous_5)
FNDA:2,(anonymous_6)
DA:14,87
DA:21,4
DA:24,4
DA:29,4
DA:34,4
DA:36,4
DA:70,4
DA:80,4
DA:82,1
DA:86,1
DA:90,3
DA:94,3
DA:119,87
DA:126,4
DA:130,4
DA:154,4
DA:160,4
DA:162,1
DA:166,1
DA:170,3
DA:174,3
DA:184,87
DA:191,4
DA:193,4
DA:195,1
DA:204,3
DA:231,3
DA:237,3
DA:239,1
DA:243,1
DA:247,2
DA:251,2
DA:261,87
DA:268,2
DA:271,2
DA:273,2
DA:275,2
DA:281,1
DA:285,1
DA:293,1
LF:40
LH:40
BRDA:24,0,0,4
BRDA:24,0,1,3
BRDA:29,1,0,4
BRDA:29,1,1,3
BRDA:80,2,0,1
BRDA:80,2,1,3
BRDA:126,3,0,4
BRDA:126,3,1,3
BRDA:160,4,0,1
BRDA:160,4,1,3
BRDA:193,5,0,1
BRDA:193,5,1,3
BRDA:237,6,0,1
BRDA:237,6,1,2
BRF:14
BRH:14
end_of_record
TN:
SF:controllers\interests.js
FN:14,(anonymous_0)
FN:42,(anonymous_1)
FN:61,(anonymous_2)
FN:101,(anonymous_3)
FN:124,(anonymous_4)
FN:150,(anonymous_5)
FN:185,(anonymous_6)
FN:215,(anonymous_7)
FN:234,(anonymous_8)
FN:271,(anonymous_9)
FN:298,(anonymous_10)
FN:339,(anonymous_11)
FN:365,(anonymous_12)
FNF:13
FNH:13
FNDA:4,(anonymous_0)
FNDA:4,(anonymous_1)
FNDA:2,(anonymous_2)
FNDA:3,(anonymous_3)
FNDA:3,(anonymous_4)
FNDA:5,(anonymous_5)
FNDA:4,(anonymous_6)
FNDA:3,(anonymous_7)
FNDA:2,(anonymous_8)
FNDA:3,(anonymous_9)
FNDA:3,(anonymous_10)
FNDA:3,(anonymous_11)
FNDA:3,(anonymous_12)
DA:14,87
DA:21,4
DA:24,4
DA:26,4
DA:31,2
DA:41,2
DA:42,4
DA:48,2
DA:57,2
DA:63,2
DA:65,1
DA:69,1
DA:73,1
DA:79,1
DA:83,1
DA:101,87
DA:108,3
DA:110,3
DA:120,3
DA:126,3
DA:128,1
DA:132,1
DA:136,2
DA:140,2
DA:150,87
DA:157,5
DA:160,5
DA:162,5
DA:166,1
DA:175,4
DA:181,4
DA:187,4
DA:189,1
DA:193,1
DA:197,3
DA:201,1
DA:205,1
DA:214,2
DA:215,3
DA:221,2
DA:230,2
DA:236,2
DA:238,1
DA:242,1
DA:246,1
DA:252,1
DA:256,1
DA:271,87
DA:278,3
DA:281,3
DA:283,3
DA:291,3
DA:300,3
DA:302,1
DA:306,1
DA:310,2
DA:314,1
DA:323,1
DA:327,1
DA:339,87
DA:345,3
DA:362,3
DA:367,3
DA:369,1
DA:373,1
DA:377,2
DA:381,2
LF:67
LH:67
BRDA:26,0,0,2
BRDA:26,0,1,2
BRDA:27,1,0,4
BRDA:27,1,1,3
BRDA:63,2,0,1
BRDA:63,2,1,1
BRDA:126,3,0,1
BRDA:126,3,1,2
BRDA:162,4,0,1
BRDA:162,4,1,4
BRDA:187,5,0,1
BRDA:187,5,1,3
BRDA:197,6,0,1
BRDA:197,6,1,2
BRDA:236,7,0,1
BRDA:236,7,1,1
BRDA:300,8,0,1
BRDA:300,8,1,2
BRDA:310,9,0,1
BRDA:310,9,1,1
BRDA:367,10,0,1
BRDA:367,10,1,2
BRF:22
BRH:22
end_of_record
TN:
SF:controllers\like.js
FN:20,(anonymous_0)
FN:41,(anonymous_1)
FN:61,(anonymous_2)
FN:72,(anonymous_3)
FN:104,(anonymous_4)
FN:146,(anonymous_5)
FN:193,(anonymous_6)
FN:251,(anonymous_7)
FN:277,(anonymous_8)
FNF:9
FNH:9
FNDA:2,(anonymous_0)
FNDA:2,(anonymous_1)
FNDA:3,(anonymous_2)
FNDA:5,(anonymous_3)
FNDA:5,(anonymous_4)
FNDA:3,(anonymous_5)
FNDA:1,(anonymous_6)
FNDA:3,(anonymous_7)
FNDA:3,(anonymous_8)
DA:20,87
DA:27,2
DA:29,2
DA:37,2
DA:43,2
DA:45,1
DA:49,1
DA:53,1
DA:57,1
DA:62,3
DA:72,87
DA:79,5
DA:82,5
DA:85,5
DA:88,5
DA:97,5
DA:106,5
DA:108,1
DA:112,1
DA:116,4
DA:118,1
DA:122,1
DA:131,3
DA:137,3
DA:142,3
DA:148,3
DA:150,1
DA:154,1
DA:159,2
DA:165,2
DA:170,2
DA:176,1
DA:182,1
DA:189,1
DA:195,1
DA:197,0
DA:201,0
DA:205,1
DA:213,1
DA:215,1
DA:230,1
DA:236,2
DA:251,87
DA:258,3
DA:261,3
DA:263,3
DA:270,3
DA:279,3
DA:281,1
DA:285,1
DA:289,2
DA:293,1
DA:297,1
DA:306,1
DA:310,1
LF:55
LH:53
BRDA:43,0,0,1
BRDA:43,0,1,1
BRDA:106,1,0,1
BRDA:106,1,1,4
BRDA:116,2,0,1
BRDA:116,2,1,3
BRDA:148,3,0,1
BRDA:148,3,1,2
BRDA:170,4,0,1
BRDA:170,4,1,1
BRDA:171,5,0,2
BRDA:171,5,1,2
BRDA:195,6,0,0
BRDA:195,6,1,1
BRDA:279,7,0,1
BRDA:279,7,1,2
BRDA:289,8,0,1
BRDA:289,8,1,1
BRF:18
BRH:17
end_of_record
TN:
SF:controllers\message.js
FN:21,(anonymous_0)
FN:62,(anonymous_1)
FN:133,(anonymous_2)
FN:171,(anonymous_3)
FN:249,(anonymous_4)
FN:454,(anonymous_5)
FN:507,(anonymous_6)
FN:545,(anonymous_7)
FN:567,(anonymous_8)
FN:608,(anonymous_9)
FN:628,(anonymous_10)
FNF:11
FNH:11
FNDA:6,(anonymous_0)
FNDA:6,(anonymous_1)
FNDA:4,(anonymous_2)
FNDA:2,(anonymous_3)
FNDA:1,(anonymous_4)
FNDA:4,(anonymous_5)
FNDA:4,(anonymous_6)
FNDA:3,(anonymous_7)
FNDA:3,(anonymous_8)
FNDA:2,(anonymous_9)
FNDA:2,(anonymous_10)
DA:21,87
DA:28,6
DA:31,6
DA:36,0
DA:40,0
DA:50,6
DA:58,6
DA:64,6
DA:66,1
DA:70,1
DA:74,5
DA:78,1
DA:82,1
DA:92,4
DA:96,4
DA:104,4
DA:123,4
DA:135,4
DA:136,1
DA:138,3
DA:140,1
DA:151,2
DA:161,2
DA:167,2
DA:173,2
DA:175,1
DA:179,1
DA:184,1
DA:187,1
DA:193,1
DA:198,1
DA:199,1
DA:224,1
DA:229,1
DA:239,1
DA:245,1
DA:251,1
DA:253,0
DA:257,0
DA:261,1
DA:269,1
DA:282,1
DA:454,87
DA:461,4
DA:466,4
DA:471,4
DA:473,4
DA:499,4
DA:509,4
DA:511,1
DA:515,1
DA:519,3
DA:523,3
DA:545,87
DA:552,3
DA:554,3
DA:563,3
DA:569,3
DA:571,1
DA:575,1
DA:579,2
DA:583,1
DA:592,1
DA:596,1
DA:608,87
DA:614,2
DA:624,2
DA:630,2
DA:632,1
DA:636,1
DA:640,1
DA:644,1
LF:72
LH:68
BRDA:31,0,0,0
BRDA:31,0,1,6
BRDA:32,1,0,6
BRDA:32,1,1,6
BRDA:64,2,0,1
BRDA:64,2,1,5
BRDA:74,3,0,1
BRDA:74,3,1,4
BRDA:96,4,0,4
BRDA:96,4,1,0
BRDA:135,5,0,1
BRDA:135,5,1,3
BRDA:138,6,0,1
BRDA:138,6,1,2
BRDA:173,7,0,1
BRDA:173,7,1,1
BRDA:251,8,0,0
BRDA:251,8,1,1
BRDA:461,9,0,4
BRDA:461,9,1,3
BRDA:466,10,0,4
BRDA:466,10,1,3
BRDA:509,11,0,1
BRDA:509,11,1,3
BRDA:569,12,0,1
BRDA:569,12,1,2
BRDA:579,13,0,1
BRDA:579,13,1,1
BRDA:630,14,0,1
BRDA:630,14,1,1
BRF:30
BRH:27
end_of_record
TN:
SF:controllers\notification.js
FN:10,(anonymous_0)
FN:76,(anonymous_1)
FN:114,(anonymous_2)
FN:143,(anonymous_3)
FN:188,(anonymous_4)
FN:209,(anonymous_5)
FN:243,(anonymous_6)
FN:268,(anonymous_7)
FN:299,(anonymous_8)
FN:326,(anonymous_9)
FN:367,(anonymous_10)
FN:386,(anonymous_11)
FN:420,(anonymous_12)
FN:468,(anonymous_13)
FNF:14
FNH:14
FNDA:3,(anonymous_0)
FNDA:3,(anonymous_1)
FNDA:3,(anonymous_2)
FNDA:3,(anonymous_3)
FNDA:3,(anonymous_4)
FNDA:3,(anonymous_5)
FNDA:2,(anonymous_6)
FNDA:2,(anonymous_7)
FNDA:3,(anonymous_8)
FNDA:3,(anonymous_9)
FNDA:3,(anonymous_10)
FNDA:3,(anonymous_11)
FNDA:2,(anonymous_12)
FNDA:2,(anonymous_13)
DA:10,87
DA:17,3
DA:20,3
DA:25,3
DA:30,3
DA:32,3
DA:68,3
DA:78,3
DA:80,1
DA:84,1
DA:88,2
DA:92,2
DA:114,87
DA:121,3
DA:124,3
DA:126,3
DA:136,3
DA:145,3
DA:147,1
DA:151,1
DA:155,2
DA:159,1
DA:163,1
DA:172,1
DA:176,1
DA:188,87
DA:195,3
DA:197,3
DA:205,3
DA:211,3
DA:213,1
DA:217,1
DA:221,2
DA:225,2
DA:243,87
DA:250,2
DA:252,2
DA:264,2
DA:270,2
DA:272,1
DA:276,1
DA:280,1
DA:284,1
DA:299,87
DA:306,3
DA:309,3
DA:311,3
DA:319,3
DA:328,3
DA:330,1
DA:334,1
DA:338,2
DA:342,1
DA:351,1
DA:355,1
DA:367,87
DA:374,3
DA:376,3
DA:382,3
DA:388,3
DA:390,1
DA:394,1
DA:398,2
DA:402,2
DA:420,87
DA:427,2
DA:429,2
DA:464,2
DA:470,2
DA:472,1
DA:476,1
DA:480,1
DA:484,1
LF:73
LH:73
BRDA:20,0,0,3
BRDA:20,0,1,3
BRDA:25,1,0,3
BRDA:25,1,1,3
BRDA:78,2,0,1
BRDA:78,2,1,2
BRDA:145,3,0,1
BRDA:145,3,1,2
BRDA:155,4,0,1
BRDA:155,4,1,1
BRDA:211,5,0,1
BRDA:211,5,1,2
BRDA:270,6,0,1
BRDA:270,6,1,1
BRDA:328,7,0,1
BRDA:328,7,1,2
BRDA:338,8,0,1
BRDA:338,8,1,1
BRDA:388,9,0,1
BRDA:388,9,1,2
BRDA:470,10,0,1
BRDA:470,10,1,1
BRF:22
BRH:22
end_of_record
TN:
SF:controllers\post.js
FN:19,(anonymous_0)
FN:144,(anonymous_1)
FN:178,(anonymous_2)
FN:227,(anonymous_3)
FN:260,(anonymous_4)
FN:272,(anonymous_5)
FN:298,(anonymous_6)
FN:377,(anonymous_7)
FN:399,(anonymous_8)
FN:443,(anonymous_9)
FN:521,(anonymous_10)
FN:555,(anonymous_11)
FN:618,(anonymous_12)
FN:644,(anonymous_13)
FN:672,(anonymous_14)
FN:698,(anonymous_15)
FN:777,(anonymous_16)
FNF:17
FNH:14
FNDA:3,(anonymous_0)
FNDA:3,(anonymous_1)
FNDA:3,(anonymous_2)
FNDA:2,(anonymous_3)
FNDA:0,(anonymous_4)
FNDA:0,(anonymous_5)
FNDA:0,(anonymous_6)
FNDA:3,(anonymous_7)
FNDA:3,(anonymous_8)
FNDA:3,(anonymous_9)
FNDA:3,(anonymous_10)
FNDA:3,(anonymous_11)
FNDA:3,(anonymous_12)
FNDA:3,(anonymous_13)
FNDA:3,(anonymous_14)
FNDA:3,(anonymous_15)
FNDA:3,(anonymous_16)
DA:19,87
DA:26,3
DA:29,3
DA:33,3
DA:36,3
DA:39,3
DA:45,3
DA:47,0
DA:67,0
DA:78,3
DA:127,3
DA:140,3
DA:146,3
DA:148,1
DA:152,1
DA:156,2
DA:160,2
DA:178,87
DA:185,3
DA:187,3
DA:192,1
DA:196,1
DA:205,2
DA:211,2
DA:223,2
DA:229,2
DA:231,1
DA:235,1
DA:239,1
DA:243,1
DA:249,1
DA:255,1
DA:259,1
DA:262,0
DA:268,0
DA:274,0
DA:276,0
DA:280,0
DA:285,0
DA:289,0
DA:294,0
DA:300,0
DA:302,0
DA:306,0
DA:311,0
DA:313,0
DA:325,0
DA:338,0
DA:340,0
DA:352,0
DA:365,1
DA:377,87
DA:384,3
DA:386,3
DA:392,3
DA:401,3
DA:403,1
DA:407,1
DA:411,2
DA:415,1
DA:419,1
DA:427,1
DA:431,1
DA:443,87
DA:451,3
DA:454,3
DA:457,3
DA:459,3
DA:509,3
DA:523,3
DA:525,1
DA:529,1
DA:533,2
DA:537,2
DA:555,87
DA:562,3
DA:564,3
DA:609,3
DA:620,3
DA:622,1
DA:626,1
DA:630,2
DA:634,2
DA:644,87
DA:650,3
DA:669,3
DA:674,3
DA:676,1
DA:680,1
DA:684,2
DA:688,2
DA:698,87
DA:706,3
DA:709,3
DA:712,3
DA:714,3
DA:767,3
DA:779,3
DA:781,1
DA:785,1
DA:789,2
DA:793,2
LF:102
LH:83
BRDA:33,0,0,3
BRDA:33,0,1,3
BRDA:36,1,0,3
BRDA:36,1,1,3
BRDA:45,2,0,0
BRDA:45,2,1,3
BRDA:146,3,0,1
BRDA:146,3,1,2
BRDA:187,4,0,1
BRDA:187,4,1,2
BRDA:188,5,0,3
BRDA:188,5,1,1
BRDA:229,6,0,1
BRDA:229,6,1,1
BRDA:256,7,0,1
BRDA:256,7,1,0
BRDA:274,8,0,0
BRDA:274,8,1,0
BRDA:285,9,0,0
BRDA:285,9,1,0
BRDA:300,10,0,0
BRDA:300,10,1,0
BRDA:401,11,0,1
BRDA:401,11,1,2
BRDA:411,12,0,1
BRDA:411,12,1,1
BRDA:451,13,0,3
BRDA:451,13,1,3
BRDA:454,14,0,3
BRDA:454,14,1,3
BRDA:523,15,0,1
BRDA:523,15,1,2
BRDA:620,16,0,1
BRDA:620,16,1,2
BRDA:674,17,0,1
BRDA:674,17,1,2
BRDA:706,18,0,3
BRDA:706,18,1,3
BRDA:709,19,0,3
BRDA:709,19,1,3
BRDA:779,20,0,1
BRDA:779,20,1,2
BRF:42
BRH:34
end_of_record
TN:
SF:controllers\relationship.js
FN:19,(anonymous_0)
FN:40,(anonymous_1)
FN:60,(anonymous_2)
FN:71,(anonymous_3)
FN:133,(anonymous_4)
FN:173,(anonymous_5)
FN:207,(anonymous_6)
FN:535,(anonymous_7)
FN:562,(anonymous_8)
FN:607,(anonymous_9)
FN:636,(anonymous_10)
FN:652,(anonymous_11)
FNF:12
FNH:12
FNDA:2,(anonymous_0)
FNDA:2,(anonymous_1)
FNDA:2,(anonymous_2)
FNDA:5,(anonymous_3)
FNDA:4,(anonymous_4)
FNDA:2,(anonymous_5)
FNDA:1,(anonymous_6)
FNDA:1,(anonymous_7)
FNDA:1,(anonymous_8)
FNDA:3,(anonymous_9)
FNDA:3,(anonymous_10)
FNDA:2,(anonymous_11)
DA:19,87
DA:26,2
DA:28,2
DA:36,2
DA:42,2
DA:44,1
DA:48,1
DA:52,1
DA:56,1
DA:61,2
DA:71,87
DA:78,5
DA:81,5
DA:84,5
DA:88,1
DA:92,1
DA:102,4
DA:123,4
DA:135,4
DA:136,1
DA:138,3
DA:142,1
DA:152,2
DA:166,2
DA:175,2
DA:176,0
DA:178,2
DA:182,1
DA:191,1
DA:200,1
DA:209,1
DA:210,0
DA:213,1
DA:220,1
DA:230,1
DA:240,1
DA:241,1
DA:254,1
DA:258,1
DA:535,87
DA:542,1
DA:545,1
DA:547,1
DA:555,1
DA:564,1
DA:566,0
DA:570,0
DA:574,1
DA:578,0
DA:582,0
DA:591,1
DA:595,1
DA:607,87
DA:614,3
DA:616,3
DA:624,3
DA:632,3
DA:638,3
DA:640,1
DA:644,1
DA:648,2
DA:654,2
DA:656,1
DA:660,1
DA:664,1
DA:668,1
LF:66
LH:60
BRDA:42,0,0,1
BRDA:42,0,1,1
BRDA:84,1,0,1
BRDA:84,1,1,4
BRDA:135,2,0,1
BRDA:135,2,1,3
BRDA:138,3,0,1
BRDA:138,3,1,2
BRDA:175,4,0,0
BRDA:175,4,1,2
BRDA:178,5,0,1
BRDA:178,5,1,1
BRDA:209,6,0,0
BRDA:209,6,1,1
BRDA:564,7,0,0
BRDA:564,7,1,1
BRDA:574,8,0,0
BRDA:574,8,1,1
BRDA:638,9,0,1
BRDA:638,9,1,2
BRDA:654,10,0,1
BRDA:654,10,1,1
BRF:22
BRH:18
end_of_record
TN:
SF:controllers\report.js
FN:14,(anonymous_0)
FN:64,(anonymous_1)
FN:85,(anonymous_2)
FN:103,(anonymous_3)
FN:118,(anonymous_4)
FN:148,(anonymous_5)
FN:190,(anonymous_6)
FN:220,(anonymous_7)
FNF:8
FNH:8
FNDA:3,(anonymous_0)
FNDA:2,(anonymous_1)
FNDA:3,(anonymous_2)
FNDA:3,(anonymous_3)
FNDA:3,(anonymous_4)
FNDA:3,(anonymous_5)
FNDA:3,(anonymous_6)
FNDA:3,(anonymous_7)
DA:14,87
DA:21,3
DA:27,3
DA:29,3
DA:35,1
DA:44,2
DA:55,2
DA:66,2
DA:67,1
DA:69,1
DA:73,1
DA:85,87
DA:91,3
DA:100,3
DA:105,3
DA:106,1
DA:108,2
DA:118,87
DA:125,3
DA:127,3
DA:141,3
DA:150,3
DA:151,1
DA:153,2
DA:157,1
DA:166,1
DA:174,1
DA:178,1
DA:190,87
DA:197,3
DA:199,3
DA:213,3
DA:222,3
DA:223,1
DA:225,2
DA:229,1
DA:238,1
DA:246,1
DA:250,1
LF:39
LH:39
BRDA:29,0,0,1
BRDA:29,0,1,2
BRDA:30,1,0,3
BRDA:30,1,1,3
BRDA:30,1,2,2
BRDA:66,2,0,1
BRDA:66,2,1,1
BRDA:105,3,0,1
BRDA:105,3,1,2
BRDA:150,4,0,1
BRDA:150,4,1,2
BRDA:153,5,0,1
BRDA:153,5,1,1
BRDA:222,6,0,1
BRDA:222,6,1,2
BRDA:225,7,0,1
BRDA:225,7,1,1
BRF:17
BRH:17
end_of_record
TN:
SF:controllers\saved.js
FN:14,(anonymous_0)
FN:55,(anonymous_1)
FN:98,(anonymous_2)
FN:142,(anonymous_3)
FN:206,(anonymous_4)
FN:244,(anonymous_5)
FN:271,(anonymous_6)
FN:312,(anonymous_7)
FN:341,(anonymous_8)
FN:368,(anonymous_9)
FN:390,(anonymous_10)
FNF:11
FNH:11
FNDA:4,(anonymous_0)
FNDA:3,(anonymous_1)
FNDA:1,(anonymous_2)
FNDA:3,(anonymous_3)
FNDA:3,(anonymous_4)
FNDA:3,(anonymous_5)
FNDA:3,(anonymous_6)
FNDA:3,(anonymous_7)
FNDA:3,(anonymous_8)
FNDA:2,(anonymous_9)
FNDA:2,(anonymous_10)
DA:14,87
DA:21,4
DA:24,4
DA:26,4
DA:28,1
DA:38,3
DA:48,3
DA:57,3
DA:59,1
DA:63,1
DA:67,2
DA:69,1
DA:73,1
DA:82,1
DA:91,1
DA:100,1
DA:102,0
DA:106,0
DA:111,1
DA:117,1
DA:121,1
DA:142,87
DA:149,3
DA:152,3
DA:157,3
DA:162,3
DA:164,3
DA:198,3
DA:208,3
DA:210,1
DA:214,1
DA:218,2
DA:222,2
DA:244,87
DA:251,3
DA:254,3
DA:256,3
DA:264,3
DA:273,3
DA:275,1
DA:279,1
DA:283,2
DA:287,1
DA:296,1
DA:300,1
DA:312,87
DA:319,3
DA:322,3
DA:324,3
DA:334,3
DA:343,3
DA:345,1
DA:349,1
DA:353,2
DA:368,87
DA:375,2
DA:377,2
DA:386,2
DA:392,2
DA:394,1
DA:398,1
DA:402,1
LF:62
LH:60
BRDA:26,0,0,1
BRDA:26,0,1,3
BRDA:57,1,0,1
BRDA:57,1,1,2
BRDA:67,2,0,1
BRDA:67,2,1,1
BRDA:100,3,0,0
BRDA:100,3,1,1
BRDA:152,4,0,3
BRDA:152,4,1,3
BRDA:157,5,0,3
BRDA:157,5,1,3
BRDA:208,6,0,1
BRDA:208,6,1,2
BRDA:273,7,0,1
BRDA:273,7,1,2
BRDA:283,8,0,1
BRDA:283,8,1,1
BRDA:343,9,0,1
BRDA:343,9,1,2
BRDA:392,10,0,1
BRDA:392,10,1,1
BRF:22
BRH:21
end_of_record
TN:
SF:controllers\search.js
FN:14,(anonymous_0)
FN:144,(anonymous_1)
FN:204,(anonymous_2)
FN:258,(anonymous_3)
FN:284,(anonymous_4)
FN:333,(anonymous_5)
FN:359,(anonymous_6)
FN:410,(anonymous_7)
FN:436,(anonymous_8)
FN:465,(anonymous_9)
FNF:10
FNH:10
FNDA:3,(anonymous_0)
FNDA:2,(anonymous_1)
FNDA:3,(anonymous_2)
FNDA:2,(anonymous_3)
FNDA:3,(anonymous_4)
FNDA:2,(anonymous_5)
FNDA:3,(anonymous_6)
FNDA:2,(anonymous_7)
FNDA:2,(anonymous_8)
FNDA:2,(anonymous_9)
DA:14,87
DA:21,3
DA:24,3
DA:26,3
DA:28,1
DA:38,2
DA:43,2
DA:48,2
DA:51,2
DA:53,2
DA:133,2
DA:146,2
DA:148,1
DA:152,1
DA:156,1
DA:158,1
DA:160,1
DA:170,0
DA:176,1
DA:180,1
DA:204,87
DA:211,3
DA:213,3
DA:215,1
DA:224,2
DA:249,2
DA:251,2
DA:260,2
DA:262,1
DA:266,1
DA:270,1
DA:274,1
DA:284,87
DA:291,3
DA:293,3
DA:295,1
DA:304,2
DA:329,2
DA:335,2
DA:337,1
DA:341,1
DA:345,1
DA:349,1
DA:359,87
DA:366,3
DA:368,3
DA:370,1
DA:379,2
DA:406,2
DA:412,2
DA:414,1
DA:418,1
DA:422,1
DA:426,1
DA:436,87
DA:442,2
DA:462,2
DA:467,2
DA:469,1
DA:473,1
DA:477,1
DA:481,1
LF:62
LH:61
BRDA:26,0,0,1
BRDA:26,0,1,2
BRDA:38,1,0,2
BRDA:38,1,1,2
BRDA:43,2,0,2
BRDA:43,2,1,2
BRDA:146,3,0,1
BRDA:146,3,1,1
BRDA:158,4,0,1
BRDA:158,4,1,0
BRDA:213,5,0,1
BRDA:213,5,1,2
BRDA:260,6,0,1
BRDA:260,6,1,1
BRDA:293,7,0,1
BRDA:293,7,1,2
BRDA:335,8,0,1
BRDA:335,8,1,1
BRDA:368,9,0,1
BRDA:368,9,1,2
BRDA:412,10,0,1
BRDA:412,10,1,1
BRDA:467,11,0,1
BRDA:467,11,1,1
BRF:24
BRH:23
end_of_record
TN:
SF:controllers\story.js
FN:16,(anonymous_0)
FN:68,(anonymous_1)
FN:94,(anonymous_2)
FN:142,(anonymous_3)
FN:183,(anonymous_4)
FN:210,(anonymous_5)
FN:255,(anonymous_6)
FN:286,(anonymous_7)
FN:312,(anonymous_8)
FN:344,(anonymous_9)
FNF:10
FNH:10
FNDA:2,(anonymous_0)
FNDA:2,(anonymous_1)
FNDA:3,(anonymous_2)
FNDA:2,(anonymous_3)
FNDA:3,(anonymous_4)
FNDA:3,(anonymous_5)
FNDA:3,(anonymous_6)
FNDA:3,(anonymous_7)
FNDA:3,(anonymous_8)
FNDA:3,(anonymous_9)
DA:16,87
DA:23,2
DA:25,2
DA:60,2
DA:70,2
DA:72,1
DA:76,1
DA:80,1
DA:84,1
DA:94,87
DA:101,3
DA:103,3
DA:105,1
DA:109,1
DA:118,2
DA:128,2
DA:138,2
DA:144,2
DA:146,1
DA:150,1
DA:155,1
DA:161,1
DA:165,1
DA:183,87
DA:190,3
DA:193,3
DA:195,3
DA:203,3
DA:212,3
DA:214,1
DA:218,1
DA:222,2
DA:226,1
DA:230,1
DA:239,1
DA:243,1
DA:255,87
DA:262,3
DA:264,3
DA:282,3
DA:288,3
DA:290,1
DA:294,1
DA:298,2
DA:302,2
DA:312,87
DA:318,3
DA:341,3
DA:346,3
DA:348,1
DA:352,1
DA:356,2
DA:360,2
LF:53
LH:53
BRDA:70,0,0,1
BRDA:70,0,1,1
BRDA:103,1,0,1
BRDA:103,1,1,2
BRDA:144,2,0,1
BRDA:144,2,1,1
BRDA:212,3,0,1
BRDA:212,3,1,2
BRDA:222,4,0,1
BRDA:222,4,1,1
BRDA:288,5,0,1
BRDA:288,5,1,2
BRDA:346,6,0,1
BRDA:346,6,1,2
BRF:14
BRH:14
end_of_record
TN:
SF:controllers\user.js
FN:21,(anonymous_0)
FN:72,(anonymous_1)
FN:143,(anonymous_2)
FN:176,(anonymous_3)
FN:229,(anonymous_4)
FN:299,(anonymous_5)
FN:325,(anonymous_6)
FN:405,(anonymous_7)
FN:431,(anonymous_8)
FN:454,(anonymous_9)
FNF:10
FNH:10
FNDA:1,(anonymous_0)
FNDA:1,(anonymous_1)
FNDA:1,(anonymous_2)
FNDA:1,(anonymous_3)
FNDA:3,(anonymous_4)
FNDA:3,(anonymous_5)
FNDA:1,(anonymous_6)
FNDA:1,(anonymous_7)
FNDA:1,(anonymous_8)
FNDA:1,(anonymous_9)
DA:21,87
DA:28,1
DA:31,1
DA:33,1
DA:63,1
DA:74,1
DA:76,0
DA:80,0
DA:84,1
DA:86,0
DA:90,0
DA:102,1
DA:104,1
DA:108,1
DA:143,87
DA:150,1
DA:152,1
DA:165,1
DA:178,1
DA:180,0
DA:184,0
DA:188,1
DA:192,0
DA:196,0
DA:205,1
DA:209,1
DA:215,1
DA:219,1
DA:229,87
DA:236,3
DA:239,3
DA:241,3
DA:283,3
DA:301,3
DA:303,1
DA:307,1
DA:311,2
DA:315,2
DA:325,87
DA:332,1
DA:335,1
DA:337,1
DA:339,0
DA:343,0
DA:352,1
DA:392,1
DA:401,1
DA:407,1
DA:409,0
DA:413,0
DA:417,1
DA:421,1
DA:431,87
DA:438,1
DA:440,1
DA:450,1
DA:456,1
DA:458,0
DA:462,0
DA:466,1
DA:468,0
DA:472,0
DA:482,1
DA:490,1
DA:494,1
LF:65
LH:49
BRDA:74,0,0,0
BRDA:74,0,1,1
BRDA:84,1,0,0
BRDA:84,1,1,1
BRDA:178,2,0,0
BRDA:178,2,1,1
BRDA:188,3,0,0
BRDA:188,3,1,1
BRDA:301,4,0,1
BRDA:301,4,1,2
BRDA:337,5,0,0
BRDA:337,5,1,1
BRDA:407,6,0,0
BRDA:407,6,1,1
BRDA:456,7,0,0
BRDA:456,7,1,1
BRDA:466,8,0,0
BRDA:466,8,1,1
BRF:18
BRH:10
end_of_record
TN:
SF:middleware\adminMiddleware.js
FN:4,(anonymous_0)
FNF:1
FNH:1
FNDA:3,(anonymous_0)
DA:4,1
DA:10,3
DA:12,2
DA:21,1
LF:4
LH:4
BRDA:10,0,0,2
BRDA:10,0,1,1
BRF:2
BRH:2
end_of_record
TN:
SF:middleware\authMiddleware.js
FN:9,(anonymous_0)
FN:37,(anonymous_1)
FNF:2
FNH:2
FNDA:173,(anonymous_0)
FNDA:172,(anonymous_1)
DA:9,88
DA:16,173
DA:18,173
DA:20,1
DA:24,1
DA:33,172
DA:39,172
DA:41,1
DA:45,1
DA:54,171
DA:57,171
LF:11
LH:11
BRDA:18,0,0,1
BRDA:18,0,1,172
BRDA:39,1,0,1
BRDA:39,1,1,171
BRF:4
BRH:4
end_of_record
TN:
SF:middleware\errorHandler.js
FN:4,(anonymous_0)
FNF:1
FNH:1
FNDA:128,(anonymous_0)
DA:4,88
DA:12,128
DA:15,128
DA:18,128
DA:38,128
LF:5
LH:5
BRDA:12,0,0,128
BRDA:12,0,1,82
BRDA:15,1,0,128
BRDA:15,1,1,1
BRF:4
BRH:4
end_of_record
TN:
SF:middleware\rateLimiter.js
FNF:0
FNH:0
DA:4,87
DA:20,87
DA:35,87
DA:50,87
DA:62,87
DA:74,87
LF:6
LH:6
BRF:0
BRH:0
end_of_record
TN:
SF:middleware\requestLogger.js
FN:4,(anonymous_0)
FNF:1
FNH:1
FNDA:247,(anonymous_0)
DA:4,87
DA:10,247
DA:14,247
LF:3
LH:3
BRF:0
BRH:0
end_of_record
TN:
SF:middleware\roleMiddleware.js
FN:5,(anonymous_0)
FN:6,(anonymous_1)
FNF:2
FNH:2
FNDA:870,(anonymous_0)
FNDA:30,(anonymous_1)
DA:5,87
DA:6,870
DA:8,30
DA:14,0
DA:23,30
LF:5
LH:4
BRDA:8,0,0,0
BRDA:8,0,1,30
BRF:2
BRH:1
end_of_record
TN:
SF:middleware\upload.js
FN:8,(anonymous_0)
FN:22,(anonymous_1)
FN:41,(anonymous_2)
FNF:3
FNH:0
FNDA:0,(anonymous_0)
FNDA:0,(anonymous_1)
FNDA:0,(anonymous_2)
DA:5,87
DA:14,0
DA:28,0
DA:41,87
DA:47,0
DA:59,0
DA:67,0
DA:74,0
DA:85,87
LF:9
LH:3
BRDA:59,0,0,0
BRDA:59,0,1,0
BRF:2
BRH:0
end_of_record
TN:
SF:middleware\validation.js
FN:6,(anonymous_0)
FNF:1
FNH:1
FNDA:25,(anonymous_0)
DA:6,88
DA:13,25
DA:15,25
DA:17,8
DA:26,17
DA:31,88
DA:104,88
DA:121,88
DA:153,88
DA:192,88
DA:210,88
DA:221,88
DA:234,88
LF:13
LH:13
BRDA:15,0,0,8
BRDA:15,0,1,17
BRF:2
BRH:2
end_of_record
TN:
SF:routes\admin.js
FNF:0
FNH:0
DA:27,87
DA:29,87
DA:42,87
DA:55,87
DA:68,87
DA:81,87
DA:95,87
LF:7
LH:7
BRF:0
BRH:0
end_of_record
TN:
SF:routes\analytics.js
FNF:0
FNH:0
DA:10,87
DA:12,87
DA:17,87
DA:22,87
LF:4
LH:4
BRF:0
BRH:0
end_of_record
TN:
SF:routes\audit.js
FNF:0
FNH:0
DA:17,87
DA:19,87
LF:2
LH:2
BRF:0
BRH:0
end_of_record
TN:
SF:routes\auth.js
FNF:0
FNH:0
DA:20,87
DA:23,87
DA:32,87
DA:41,87
DA:47,87
LF:5
LH:5
BRF:0
BRH:0
end_of_record
TN:
SF:routes\block.js
FNF:0
FNH:0
DA:19,87
DA:21,87
DA:27,87
DA:33,87
LF:4
LH:4
BRF:0
BRH:0
end_of_record
TN:
SF:routes\comments.js
FNF:0
FNH:0
DA:10,87
DA:12,87
DA:13,87
DA:15,87
LF:4
LH:4
BRF:0
BRH:0
end_of_record
TN:
SF:routes\conversations.js
FNF:0
FNH:0
DA:13,87
DA:16,87
DA:23,87
DA:29,87
DA:36,87
DA:42,87
LF:6
LH:6
BRF:0
BRH:0
end_of_record
TN:
SF:routes\discover.js
FNF:0
FNH:0
DA:5,87
DA:7,87
DA:12,87
DA:18,87
DA:23,87
DA:28,87
LF:6
LH:6
BRF:0
BRH:0
end_of_record
TN:
SF:routes\hashtags.js
FNF:0
FNH:0
DA:13,87
DA:15,87
DA:20,87
DA:25,87
DA:31,87
LF:5
LH:5
BRF:0
BRH:0
end_of_record
TN:
SF:routes\interests.js
FNF:0
FNH:0
DA:14,87
DA:16,87
DA:22,87
DA:27,87
DA:32,87
DA:38,87
LF:6
LH:6
BRF:0
BRH:0
end_of_record
TN:
SF:routes\likes.js
FNF:0
FNH:0
DA:6,87
DA:8,87
DA:9,87
DA:10,87
LF:4
LH:4
BRF:0
BRH:0
end_of_record
TN:
SF:routes\messages.js
FNF:0
FNH:0
DA:19,87
DA:22,87
DA:25,87
DA:31,87
DA:37,87
LF:5
LH:5
BRF:0
BRH:0
end_of_record
TN:
SF:routes\notifications.js
FNF:0
FNH:0
DA:15,87
DA:18,87
DA:21,87
DA:28,87
DA:35,87
DA:41,87
DA:47,87
DA:53,87
LF:8
LH:8
BRF:0
BRH:0
end_of_record
TN:
SF:routes\posts.js
FNF:0
FNH:0
DA:19,87
DA:21,87
DA:23,87
DA:25,87
DA:27,87
DA:29,87
DA:31,87
DA:33,87
LF:8
LH:8
BRF:0
BRH:0
end_of_record
TN:
SF:routes\relationships.js
FNF:0
FNH:0
DA:5,87
DA:7,87
DA:8,87
DA:9,87
DA:10,87
LF:5
LH:5
BRF:0
BRH:0
end_of_record
TN:
SF:routes\reports.js
FNF:0
FNH:0
DA:25,87
DA:27,87
DA:35,87
DA:49,87
DA:63,87
LF:5
LH:5
BRF:0
BRH:0
end_of_record
TN:
SF:routes\saved.js
FNF:0
FNH:0
DA:14,87
DA:16,87
DA:22,87
DA:28,87
DA:34,87
DA:40,87
LF:6
LH:6
BRF:0
BRH:0
end_of_record
TN:
SF:routes\search.js
FNF:0
FNH:0
DA:16,87
DA:18,87
DA:25,87
DA:30,87
DA:35,87
DA:40,87
LF:6
LH:6
BRF:0
BRH:0
end_of_record
TN:
SF:routes\stories.js
FNF:0
FNH:0
DA:5,87
DA:7,87
DA:8,87
DA:9,87
DA:13,87
DA:17,87
LF:6
LH:6
BRF:0
BRH:0
end_of_record
TN:
SF:routes\upload.js
FN:25,(anonymous_0)
FNF:1
FNH:0
FNDA:0,(anonymous_0)
DA:13,87
DA:15,87
DA:30,0
LF:3
LH:2
BRF:0
BRH:0
end_of_record
TN:
SF:routes\users.js
FNF:0
FNH:0
DA:13,87
DA:16,87
DA:23,87
DA:30,87
DA:36,87
DA:43,87
LF:6
LH:6
BRF:0
BRH:0
end_of_record
TN:
SF:sockets\socketInstance.js
FN:3,(anonymous_0)
FN:11,(anonymous_1)
FNF:2
FNH:0
FNDA:0,(anonymous_0)
FNDA:0,(anonymous_1)
DA:3,83
DA:7,0
DA:11,83
DA:13,0
LF:4
LH:2
BRF:0
BRH:0
end_of_record
TN:
SF:utils\ApiError.js
FN:3,(anonymous_0)
FNF:1
FNH:1
FNDA:54,(anonymous_0)
DA:5,54
DA:7,54
DA:9,54
LF:3
LH:3
BRF:0
BRH:0
end_of_record
TN:
SF:utils\activityLogger.js
FN:4,(anonymous_0)
FN:23,(anonymous_1)
FNF:2
FNH:2
FNDA:1,(anonymous_0)
FNDA:1,(anonymous_1)
DA:4,74
DA:10,1
DA:16,1
DA:23,1
DA:24,1
LF:5
LH:5
BRDA:24,0,0,0
BRDA:24,0,1,1
BRF:2
BRH:1
end_of_record
TN:
SF:utils\auditLogger.js
FN:7,(anonymous_0)
FN:43,(anonymous_1)
FNF:2
FNH:2
FNDA:3,(anonymous_0)
FNDA:3,(anonymous_1)
DA:7,83
DA:21,3
DA:33,3
DA:45,3
DA:47,1
DA:51,1
DA:55,2
LF:7
LH:7
BRDA:17,0,0,3
BRDA:45,1,0,1
BRDA:45,1,1,2
BRF:3
BRH:3
end_of_record
TN:
SF:utils\cloudinary.js
FNF:0
FNH:0
DA:3,87
LF:1
LH:1
BRF:0
BRH:0
end_of_record
TN:
SF:utils\extractHashtags.js
FN:1,(anonymous_0)
FN:7,(anonymous_1)
FNF:2
FNH:1
FNDA:1,(anonymous_0)
FNDA:0,(anonymous_1)
DA:1,87
DA:3,1
DA:5,1
DA:7,0
DA:8,0
LF:5
LH:3
BRDA:5,0,0,1
BRDA:5,0,1,0
BRF:2
BRH:1
end_of_record
TN:
SF:utils\logger.js
FN:18,(anonymous_0)
FNF:1
FNH:1
FNDA:572,(anonymous_0)
DA:4,91
DA:25,572
LF:2
LH:2
BRDA:25,0,0,127
BRDA:25,0,1,445
BRF:2
BRH:2
end_of_record
TN:
SF:utils\onlineUsers.js
FNF:0
FNH:0
DA:2,86
LF:1
LH:1
BRF:0
BRH:0
end_of_record
